2006.02.02 11:32 B C:\web sites\bcfdmo\members_only\contact_info\index.asp <-- www.bcfdmo.com /members_only/contact_info index.asp
2006.02.02 11:32 B C:\web sites\bcfdmo\members_only\contact_info\test.asp <-- www.bcfdmo.com /members_only/contact_info test.asp
2006.08.02 19:03 B C:\Web Sites\bcfdmo\members_only\all_call_info\index.asp --> www.bcfdmo.com /members_only/all_call_info index.asp
2006.08.02 19:03 B C:\Web Sites\bcfdmo\members_only\all_call_info\viewexcel.asp --> www.bcfdmo.com /members_only/all_call_info viewexcel.asp
2006.08.02 19:03 B C:\Web Sites\bcfdmo\members_only\all_call_info\viewpdf.asp --> www.bcfdmo.com /members_only/all_call_info viewpdf.asp
2006.08.02 19:03 B C:\Web Sites\bcfdmo\members_only\all_call_info\viewtext.asp --> www.bcfdmo.com /members_only/all_call_info viewtext.asp
2006.08.02 19:03 B C:\Web Sites\bcfdmo\members_only\all_call_info\viewword.asp --> www.bcfdmo.com /members_only/all_call_info viewword.asp
2006.08.02 19:03 B C:\Web Sites\bcfdmo\members_only\all_call_info\WS_FTP.LOG --> www.bcfdmo.com /members_only/all_call_info WS_FTP.LOG
2006.08.15 11:34 B C:\Web Sites\bcfdmo\aboutbcfpd\budget\index.asp --> www.bcfdmo.com /aboutbcfpd/budget index.asp
2006.08.15 11:34 B C:\Web Sites\bcfdmo\aboutbcfpd\budget\viewexcel.asp --> www.bcfdmo.com /aboutbcfpd/budget viewexcel.asp
2006.08.15 11:34 B C:\Web Sites\bcfdmo\aboutbcfpd\budget\viewpdf.asp --> www.bcfdmo.com /aboutbcfpd/budget viewpdf.asp
2006.08.15 11:34 B C:\Web Sites\bcfdmo\aboutbcfpd\budget\viewtext.asp --> www.bcfdmo.com /aboutbcfpd/budget viewtext.asp
2006.08.15 11:34 B C:\Web Sites\bcfdmo\aboutbcfpd\budget\viewword.asp --> www.bcfdmo.com /aboutbcfpd/budget viewword.asp
2006.08.15 11:34 B C:\Web Sites\bcfdmo\aboutbcfpd\budget\WS_FTP.LOG --> www.bcfdmo.com /aboutbcfpd/budget WS_FTP.LOG
2006.08.30 15:28 B C:\Web Sites\bcfdmo\joinbcfpd\employment\index.asp --> www.bcfdmo.com /joinbcfpd/employment index.asp
2006.08.30 15:28 B C:\Web Sites\bcfdmo\joinbcfpd\employment\viewexcel.asp --> www.bcfdmo.com /joinbcfpd/employment viewexcel.asp
2006.08.30 15:28 B C:\Web Sites\bcfdmo\joinbcfpd\employment\viewpdf.asp --> www.bcfdmo.com /joinbcfpd/employment viewpdf.asp
2006.08.30 15:28 B C:\Web Sites\bcfdmo\joinbcfpd\employment\viewtext.asp --> www.bcfdmo.com /joinbcfpd/employment viewtext.asp
2006.08.30 15:28 B C:\Web Sites\bcfdmo\joinbcfpd\employment\viewword.asp --> www.bcfdmo.com /joinbcfpd/employment viewword.asp
2006.08.30 15:28 B C:\Web Sites\bcfdmo\joinbcfpd\employment\WS_FTP.LOG --> www.bcfdmo.com /joinbcfpd/employment WS_FTP.LOG
2006.08.30 16:44 B C:\Web Sites\bcfdmo\joinbcfpd\employment\index.asp --> www.bcfdmo.com /joinbcfpd/employment index.asp
2006.08.31 20:12 B C:\Web Sites\bcfdmo\joinbcfpd\employment\index.asp --> www.bcfdmo.com /joinbcfpd/employment index.asp
2006.08.31 20:12 B C:\Web Sites\bcfdmo\joinbcfpd\employment\WS_FTP.LOG --> www.bcfdmo.com /joinbcfpd/employment WS_FTP.LOG
2006.08.31 20:27 B C:\Web Sites\bcfdmo\joinbcfpd\employment\index.asp --> www.bcfdmo.com /joinbcfpd/employment index.asp
2006.08.31 20:27 B C:\Web Sites\bcfdmo\joinbcfpd\employment\index.asp --> www.bcfdmo.com /joinbcfpd/employment index.asp
