2006.02.02 11:17 B C:\web sites\bcfdmo\images\news\100 Fillmore Ct.jpg <-- www.bcfdmo.com /images/news 100 Fillmore Ct.jpg
2006.02.02 11:17 B C:\web sites\bcfdmo\images\news\10300 Rt N S. Meth Lab.jpg <-- www.bcfdmo.com /images/news 10300 Rt N S. Meth Lab.jpg
2006.02.02 11:17 B C:\web sites\bcfdmo\images\news\11045 Hwy VV.gif <-- www.bcfdmo.com /images/news 11045 Hwy VV.gif
2006.02.02 11:17 B C:\web sites\bcfdmo\images\news\12-08-05 Rt B Extrication.gif <-- www.bcfdmo.com /images/news 12-08-05 Rt B Extrication.gif
2006.02.02 11:17 B C:\web sites\bcfdmo\images\news\12-14-05 Teddy Bear Donation.gif <-- www.bcfdmo.com /images/news 12-14-05 Teddy Bear Donation.gif
2006.02.02 11:17 B C:\web sites\bcfdmo\images\news\120705 I70 and MO River Bridge.gif <-- www.bcfdmo.com /images/news 120705 I70 and MO River Bridge.gif
2006.02.02 11:17 B C:\web sites\bcfdmo\images\news\121 MM I-70 Jan 2004 2.jpg <-- www.bcfdmo.com /images/news 121 MM I-70 Jan 2004 2.jpg
2006.02.02 11:17 B C:\web sites\bcfdmo\images\news\122002si FBI thumb.jpg <-- www.bcfdmo.com /images/news 122002si FBI thumb.jpg
2006.02.02 11:17 B C:\web sites\bcfdmo\images\news\122002si FBI.jpg <-- www.bcfdmo.com /images/news 122002si FBI.jpg
2006.02.02 11:17 B C:\web sites\bcfdmo\images\news\12501 Rt E.jpg.jpg <-- www.bcfdmo.com /images/news 12501 Rt E.jpg.jpg
2006.02.02 11:17 B C:\web sites\bcfdmo\images\news\12501 Rt E.jpg2.jpg <-- www.bcfdmo.com /images/news 12501 Rt E.jpg2.jpg
2006.02.02 11:17 B C:\web sites\bcfdmo\images\news\18 Bogie Hills Dr. August 11, 2005.jpg <-- www.bcfdmo.com /images/news 18 Bogie Hills Dr. August 11, 2005.jpg
2006.02.02 11:18 B C:\web sites\bcfdmo\images\news\1800 Prathersville Rd Lot 219.jpg <-- www.bcfdmo.com /images/news 1800 Prathersville Rd Lot 219.jpg
2006.02.02 11:18 B C:\web sites\bcfdmo\images\news\1802 Southeast Trails Dr. N.jpg <-- www.bcfdmo.com /images/news 1802 Southeast Trails Dr. N.jpg
2006.02.02 11:18 B C:\web sites\bcfdmo\images\news\2003-09-13-pm-isabel-180.jpg <-- www.bcfdmo.com /images/news 2003-09-13-pm-isabel-180.jpg
2006.02.02 11:18 B C:\web sites\bcfdmo\images\news\2005 Ice Photo.jpg <-- www.bcfdmo.com /images/news 2005 Ice Photo.jpg
2006.02.02 11:18 B C:\web sites\bcfdmo\images\news\2005-2 graduation pic.jpg <-- www.bcfdmo.com /images/news 2005-2 graduation pic.jpg
2006.02.02 11:18 B C:\web sites\bcfdmo\images\news\2005IC~1 copy.gif <-- www.bcfdmo.com /images/news 2005IC~1 copy.gif
2006.02.02 11:18 B C:\web sites\bcfdmo\images\news\205038W_sm.gif <-- www.bcfdmo.com /images/news 205038W_sm.gif
2006.02.02 11:18 B C:\web sites\bcfdmo\images\news\3001 N Lawrence Dr 2.jpg <-- www.bcfdmo.com /images/news 3001 N Lawrence Dr 2.jpg
2006.02.02 11:18 B C:\web sites\bcfdmo\images\news\4700 Blk Highway PP.jpg <-- www.bcfdmo.com /images/news 4700 Blk Highway PP.jpg
2006.02.02 11:18 B C:\web sites\bcfdmo\images\news\4705 Scott Blvd.jpg <-- www.bcfdmo.com /images/news 4705 Scott Blvd.jpg
2006.02.02 11:18 B C:\web sites\bcfdmo\images\news\4804 Garden Grove.jpg <-- www.bcfdmo.com /images/news 4804 Garden Grove.jpg
2006.02.02 11:18 B C:\web sites\bcfdmo\images\news\5562 Bethel Lane S..jpg <-- www.bcfdmo.com /images/news 5562 Bethel Lane S..jpg
2006.02.02 11:18 B C:\web sites\bcfdmo\images\news\5700 Hwy 763.jpg <-- www.bcfdmo.com /images/news 5700 Hwy 763.jpg
2006.02.02 11:18 B C:\web sites\bcfdmo\images\news\5813 Canaveral Dr..jpg <-- www.bcfdmo.com /images/news 5813 Canaveral Dr..jpg
2006.02.02 11:18 B C:\web sites\bcfdmo\images\news\6009 Teresa Dr.jpg <-- www.bcfdmo.com /images/news 6009 Teresa Dr.jpg
2006.02.02 11:18 B C:\web sites\bcfdmo\images\news\6320 Smith Hatchery.jpg <-- www.bcfdmo.com /images/news 6320 Smith Hatchery.jpg
2006.02.02 11:18 B C:\web sites\bcfdmo\images\news\6401 Clover Ct N.gif <-- www.bcfdmo.com /images/news 6401 Clover Ct N.gif
2006.02.02 11:18 B C:\web sites\bcfdmo\images\news\7071 Gillespie Bridge Rd 2.jpg <-- www.bcfdmo.com /images/news 7071 Gillespie Bridge Rd 2.jpg
2006.02.02 11:18 B C:\web sites\bcfdmo\images\news\7071 Gillespie Bridge Rd.jpg <-- www.bcfdmo.com /images/news 7071 Gillespie Bridge Rd.jpg
2006.02.02 11:18 B C:\web sites\bcfdmo\images\news\7280 Sunnyvale.gif <-- www.bcfdmo.com /images/news 7280 Sunnyvale.gif
2006.02.02 11:18 B C:\web sites\bcfdmo\images\news\7300 N Wade School.jpg <-- www.bcfdmo.com /images/news 7300 N Wade School.jpg
2006.02.02 11:18 B C:\web sites\bcfdmo\images\news\7650 N Zack Rd.jpg <-- www.bcfdmo.com /images/news 7650 N Zack Rd.jpg
2006.02.02 11:18 B C:\web sites\bcfdmo\images\news\7800 Highway 124 W..jpg <-- www.bcfdmo.com /images/news 7800 Highway 124 W..jpg
2006.02.02 11:18 B C:\web sites\bcfdmo\images\news\9284 Tomlin Hill Rd S.jpg <-- www.bcfdmo.com /images/news 9284 Tomlin Hill Rd S.jpg
2006.02.02 11:18 B C:\web sites\bcfdmo\images\news\AED practice thumb.jpg <-- www.bcfdmo.com /images/news AED practice thumb.jpg
2006.02.02 11:18 B C:\web sites\bcfdmo\images\news\AEInterview-Thumb.jpg <-- www.bcfdmo.com /images/news AEInterview-Thumb.jpg
2006.02.02 11:18 B C:\web sites\bcfdmo\images\news\AEInterview.jpg <-- www.bcfdmo.com /images/news AEInterview.jpg
2006.02.02 11:18 B C:\web sites\bcfdmo\images\news\Akeman Bridge Dec 28, 2004.jpg <-- www.bcfdmo.com /images/news Akeman Bridge Dec 28, 2004.jpg
2006.02.02 11:18 B C:\web sites\bcfdmo\images\news\arson logo hose thumb.jpg <-- www.bcfdmo.com /images/news arson logo hose thumb.jpg
2006.02.02 11:18 B C:\web sites\bcfdmo\images\news\badge pinning 8.19.2003 thumb.jpg <-- www.bcfdmo.com /images/news badge pinning 8.19.2003 thumb.jpg
2006.02.02 11:18 B C:\web sites\bcfdmo\images\news\Batsweb page.gif <-- www.bcfdmo.com /images/news Batsweb page.gif
2006.02.02 11:18 B C:\web sites\bcfdmo\images\news\BC fairgounds.gif <-- www.bcfdmo.com /images/news BC fairgounds.gif
2006.02.02 11:18 B C:\web sites\bcfdmo\images\news\BCFD Pipe Band full.jpg <-- www.bcfdmo.com /images/news BCFD Pipe Band full.jpg
2006.02.02 11:18 B C:\web sites\bcfdmo\images\news\BCFD Pipe Bandthumb.jpg <-- www.bcfdmo.com /images/news BCFD Pipe Bandthumb.jpg
2006.02.02 11:18 B C:\web sites\bcfdmo\images\news\beach thumb.gif <-- www.bcfdmo.com /images/news beach thumb.gif
2006.02.02 11:18 B C:\web sites\bcfdmo\images\news\beach4.gif <-- www.bcfdmo.com /images/news beach4.gif
2006.02.02 11:18 B C:\web sites\bcfdmo\images\news\blowing snow thumb.jpg <-- www.bcfdmo.com /images/news blowing snow thumb.jpg
2006.02.02 11:18 B C:\web sites\bcfdmo\images\news\Bond USAR cert.thumb.jpg <-- www.bcfdmo.com /images/news Bond USAR cert.thumb.jpg
2006.02.02 11:18 B C:\web sites\bcfdmo\images\news\Bond-L.jpg <-- www.bcfdmo.com /images/news Bond-L.jpg
2006.02.02 11:18 B C:\web sites\bcfdmo\images\news\Bond-S.jpg <-- www.bcfdmo.com /images/news Bond-S.jpg
2006.02.02 11:18 B C:\web sites\bcfdmo\images\news\C100 and Harry Weber Unveiling.jpg <-- www.bcfdmo.com /images/news C100 and Harry Weber Unveiling.jpg
2006.02.02 11:18 B C:\web sites\bcfdmo\images\news\Captain Badge 2.jpg <-- www.bcfdmo.com /images/news Captain Badge 2.jpg
2006.02.02 11:18 B C:\web sites\bcfdmo\images\news\Captain Badge.jpg <-- www.bcfdmo.com /images/news Captain Badge.jpg
2006.02.02 11:18 B C:\web sites\bcfdmo\images\news\Carl at Columbia Catholic.jpg <-- www.bcfdmo.com /images/news Carl at Columbia Catholic.jpg
2006.02.02 11:18 B C:\web sites\bcfdmo\images\news\carter flame reg.jpg <-- www.bcfdmo.com /images/news carter flame reg.jpg
2006.02.02 11:18 B C:\web sites\bcfdmo\images\news\carter flame thumb.jpg <-- www.bcfdmo.com /images/news carter flame thumb.jpg
2006.02.02 11:18 B C:\web sites\bcfdmo\images\news\Castle Rock 1 Thumb.jpg <-- www.bcfdmo.com /images/news Castle Rock 1 Thumb.jpg
2006.02.02 11:18 B C:\web sites\bcfdmo\images\news\Castle Rock Group 6-11-02.jpg <-- www.bcfdmo.com /images/news Castle Rock Group 6-11-02.jpg
2006.02.02 11:18 B C:\web sites\bcfdmo\images\news\cave rescue.jpg <-- www.bcfdmo.com /images/news cave rescue.jpg
2006.02.02 11:18 B C:\web sites\bcfdmo\images\news\cave rescuethumb.jpg <-- www.bcfdmo.com /images/news cave rescuethumb.jpg
2006.02.02 11:18 B C:\web sites\bcfdmo\images\news\cave rescuewebsized.jpg <-- www.bcfdmo.com /images/news cave rescuewebsized.jpg
2006.02.02 11:18 B C:\web sites\bcfdmo\images\news\cemet truck 2 full.jpg <-- www.bcfdmo.com /images/news cemet truck 2 full.jpg
2006.02.02 11:18 B C:\web sites\bcfdmo\images\news\cemet truck 2.thumb.jpg <-- www.bcfdmo.com /images/news cemet truck 2.thumb.jpg
2006.02.02 11:18 B C:\web sites\bcfdmo\images\news\cemet truck3.jpg <-- www.bcfdmo.com /images/news cemet truck3.jpg
2006.02.02 11:18 B C:\web sites\bcfdmo\images\news\centralia explosion.jpg <-- www.bcfdmo.com /images/news centralia explosion.jpg
2006.02.02 11:18 B C:\web sites\bcfdmo\images\news\cert_logo.gif <-- www.bcfdmo.com /images/news cert_logo.gif
2006.02.02 11:18 B C:\web sites\bcfdmo\images\news\chamb break-thumb.jpg <-- www.bcfdmo.com /images/news chamb break-thumb.jpg
2006.02.02 11:18 B C:\web sites\bcfdmo\images\news\chamb break.jpg <-- www.bcfdmo.com /images/news chamb break.jpg
2006.02.02 11:18 B C:\web sites\bcfdmo\images\news\Change Your Batteries.jpg <-- www.bcfdmo.com /images/news Change Your Batteries.jpg
2006.02.02 11:18 B C:\web sites\bcfdmo\images\news\Chief and Barbara Mikulski.jpg <-- www.bcfdmo.com /images/news Chief and Barbara Mikulski.jpg
2006.02.02 11:18 B C:\web sites\bcfdmo\images\news\Chief Brown Receives Quilts.jpg <-- www.bcfdmo.com /images/news Chief Brown Receives Quilts.jpg
2006.02.02 11:18 B C:\web sites\bcfdmo\images\news\Chief Brown Receives Quilts2.jpg <-- www.bcfdmo.com /images/news Chief Brown Receives Quilts2.jpg
2006.02.02 11:18 B C:\web sites\bcfdmo\images\news\Chief Testify.jpg <-- www.bcfdmo.com /images/news Chief Testify.jpg
2006.02.02 11:18 B C:\web sites\bcfdmo\images\news\christmas-cards2-002.jpg <-- www.bcfdmo.com /images/news christmas-cards2-002.jpg
2006.02.02 11:18 B C:\web sites\bcfdmo\images\news\ChristmasTree home page.jpg <-- www.bcfdmo.com /images/news ChristmasTree home page.jpg
2006.02.02 11:19 B C:\web sites\bcfdmo\images\news\clock2.webpage version.gif <-- www.bcfdmo.com /images/news clock2.webpage version.gif
2006.02.02 11:19 B C:\web sites\bcfdmo\images\news\CO detector.jpg <-- www.bcfdmo.com /images/news CO detector.jpg
2006.02.02 11:19 B C:\web sites\bcfdmo\images\news\coe2Small.jpg <-- www.bcfdmo.com /images/news coe2Small.jpg
2006.02.02 11:19 B C:\web sites\bcfdmo\images\news\Combi tube emt class.jpg <-- www.bcfdmo.com /images/news Combi tube emt class.jpg
2006.02.02 11:19 B C:\web sites\bcfdmo\images\news\Combi tube emt classthumb.jpg <-- www.bcfdmo.com /images/news Combi tube emt classthumb.jpg
2006.02.02 11:19 B C:\web sites\bcfdmo\images\news\Crestvale full.jpg <-- www.bcfdmo.com /images/news Crestvale full.jpg
2006.02.02 11:19 B C:\web sites\bcfdmo\images\news\Crestvale thumb.jpg <-- www.bcfdmo.com /images/news Crestvale thumb.jpg
2006.02.02 11:19 B C:\web sites\bcfdmo\images\news\cw portell sweatythumb.jpg <-- www.bcfdmo.com /images/news cw portell sweatythumb.jpg
2006.02.02 11:19 B C:\web sites\bcfdmo\images\news\CYCCYB_Mellaion.jpg <-- www.bcfdmo.com /images/news CYCCYB_Mellaion.jpg
2006.02.02 11:19 B C:\web sites\bcfdmo\images\news\Dale & Kay Toalson.jpg <-- www.bcfdmo.com /images/news Dale & Kay Toalson.jpg
2006.02.02 11:19 B C:\web sites\bcfdmo\images\news\Dale Kay Toalson.jpg <-- www.bcfdmo.com /images/news Dale Kay Toalson.jpg
2006.02.02 11:19 B C:\web sites\bcfdmo\images\news\DaleToalsonthumb.jpg <-- www.bcfdmo.com /images/news DaleToalsonthumb.jpg
2006.02.02 11:19 B C:\web sites\bcfdmo\images\news\daygallery5.jpg <-- www.bcfdmo.com /images/news daygallery5.jpg
2006.02.02 11:19 B C:\web sites\bcfdmo\images\news\Deployment photo 4 -400 pixels.jpg <-- www.bcfdmo.com /images/news Deployment photo 4 -400 pixels.jpg
2006.02.02 11:19 B C:\web sites\bcfdmo\images\news\Deployment photo 4 180 pixels.jpg <-- www.bcfdmo.com /images/news Deployment photo 4 180 pixels.jpg
2006.02.02 11:19 B C:\web sites\bcfdmo\images\news\Deployment photo 4.jpg <-- www.bcfdmo.com /images/news Deployment photo 4.jpg
2006.02.02 11:19 B C:\web sites\bcfdmo\images\news\devasted.gallery.jpg <-- www.bcfdmo.com /images/news devasted.gallery.jpg
2006.02.02 11:19 B C:\web sites\bcfdmo\images\news\devasted.web.jpg <-- www.bcfdmo.com /images/news devasted.web.jpg
2006.02.02 11:19 B C:\web sites\bcfdmo\images\news\dog.gallerypile.jpg <-- www.bcfdmo.com /images/news dog.gallerypile.jpg
2006.02.02 11:19 B C:\web sites\bcfdmo\images\news\dog.pileweb.jpg <-- www.bcfdmo.com /images/news dog.pileweb.jpg
2006.02.02 11:19 B C:\web sites\bcfdmo\images\news\Doug Westhoff.jpg <-- www.bcfdmo.com /images/news Doug Westhoff.jpg
2006.02.02 11:19 B C:\web sites\bcfdmo\images\news\DougWesthoff2.jpg <-- www.bcfdmo.com /images/news DougWesthoff2.jpg
2006.02.02 11:19 B C:\web sites\bcfdmo\images\news\energizer thumb.jpg <-- www.bcfdmo.com /images/news energizer thumb.jpg
2006.02.02 11:19 B C:\web sites\bcfdmo\images\news\ETOY-LG.jpg <-- www.bcfdmo.com /images/news ETOY-LG.jpg
2006.02.02 11:19 B C:\web sites\bcfdmo\images\news\ETOY-SM.jpg <-- www.bcfdmo.com /images/news ETOY-SM.jpg
2006.02.02 11:19 B C:\web sites\bcfdmo\images\news\exitsign.thumb.jpg <-- www.bcfdmo.com /images/news exitsign.thumb.jpg
2006.02.02 11:19 B C:\web sites\bcfdmo\images\news\Extended_Forecast.jpg <-- www.bcfdmo.com /images/news Extended_Forecast.jpg
2006.02.02 11:19 B C:\web sites\bcfdmo\images\news\Fire at door thumb.jpg <-- www.bcfdmo.com /images/news Fire at door thumb.jpg
2006.02.02 11:19 B C:\web sites\bcfdmo\images\news\firehouse.gif <-- www.bcfdmo.com /images/news firehouse.gif
2006.02.02 11:19 B C:\web sites\bcfdmo\images\news\fireworks 1.jpg <-- www.bcfdmo.com /images/news fireworks 1.jpg
2006.02.02 11:19 B C:\web sites\bcfdmo\images\news\fireworks.jpg <-- www.bcfdmo.com /images/news fireworks.jpg
2006.02.02 11:19 B C:\web sites\bcfdmo\images\news\flag.wtc.jpg <-- www.bcfdmo.com /images/news flag.wtc.jpg
2006.02.02 11:19 B C:\web sites\bcfdmo\images\news\flag.wtc.webjpg.jpg <-- www.bcfdmo.com /images/news flag.wtc.webjpg.jpg
2006.02.02 11:19 B C:\web sites\bcfdmo\images\news\fpw art 2002.insert jpg.jpg <-- www.bcfdmo.com /images/news fpw art 2002.insert jpg.jpg
2006.02.02 11:19 B C:\web sites\bcfdmo\images\news\gallery.overlook.jpg <-- www.bcfdmo.com /images/news gallery.overlook.jpg
2006.02.02 11:19 B C:\web sites\bcfdmo\images\news\GB5093.jpg <-- www.bcfdmo.com /images/news GB5093.jpg
2006.02.02 11:19 B C:\web sites\bcfdmo\images\news\George Bush 2.homepage.jpg <-- www.bcfdmo.com /images/news George Bush 2.homepage.jpg
2006.02.02 11:19 B C:\web sites\bcfdmo\images\news\Georgetown candle fire thumb.jpg <-- www.bcfdmo.com /images/news Georgetown candle fire thumb.jpg
2006.02.02 11:19 B C:\web sites\bcfdmo\images\news\georgetown full.jpg <-- www.bcfdmo.com /images/news georgetown full.jpg
2006.02.02 11:19 B C:\web sites\bcfdmo\images\news\Ghost copy.jpg <-- www.bcfdmo.com /images/news Ghost copy.jpg
2006.02.02 11:19 B C:\web sites\bcfdmo\images\news\Giacchi - Bond - Paulsell announcing WMD full$.jpg <-- www.bcfdmo.com /images/news Giacchi - Bond - Paulsell announcing WMD full$.jpg
2006.02.02 11:19 B C:\web sites\bcfdmo\images\news\Giacchi - Bond - Paulsell announcing WMD thumb$.jpg <-- www.bcfdmo.com /images/news Giacchi - Bond - Paulsell announcing WMD thumb$.jpg
2006.02.02 11:19 B C:\web sites\bcfdmo\images\news\Giachhi full wildland.jpg <-- www.bcfdmo.com /images/news Giachhi full wildland.jpg
2006.02.02 11:19 B C:\web sites\bcfdmo\images\news\giachhi thumb wildland.jpg <-- www.bcfdmo.com /images/news giachhi thumb wildland.jpg
2006.02.02 11:19 B C:\web sites\bcfdmo\images\news\Gov Recep.jpg <-- www.bcfdmo.com /images/news Gov Recep.jpg
2006.02.02 11:19 B C:\web sites\bcfdmo\images\news\Greg and David Thumb.jpg <-- www.bcfdmo.com /images/news Greg and David Thumb.jpg
2006.02.02 11:19 B C:\web sites\bcfdmo\images\news\Greg and David.jpg <-- www.bcfdmo.com /images/news Greg and David.jpg
2006.02.02 11:19 B C:\web sites\bcfdmo\images\news\halloween.jpg <-- www.bcfdmo.com /images/news halloween.jpg
2006.02.02 11:19 B C:\web sites\bcfdmo\images\news\hankins thumb.jpg <-- www.bcfdmo.com /images/news hankins thumb.jpg
2006.02.02 11:19 B C:\web sites\bcfdmo\images\news\Highway 124 West.jpg <-- www.bcfdmo.com /images/news Highway 124 West.jpg
2006.02.02 11:19 B C:\web sites\bcfdmo\images\news\homeHeaderLogo.gif <-- www.bcfdmo.com /images/news homeHeaderLogo.gif
2006.02.02 11:19 B C:\web sites\bcfdmo\images\news\horse full.jpg <-- www.bcfdmo.com /images/news horse full.jpg
2006.02.02 11:19 B C:\web sites\bcfdmo\images\news\horse thumb.jpg <-- www.bcfdmo.com /images/news horse thumb.jpg
2006.02.02 11:19 B C:\web sites\bcfdmo\images\news\Houston Welding Shop 01-01-05.jpg <-- www.bcfdmo.com /images/news Houston Welding Shop 01-01-05.jpg
2006.02.02 11:19 B C:\web sites\bcfdmo\images\news\Hurrican Dennis July 10, 2005.jpg <-- www.bcfdmo.com /images/news Hurrican Dennis July 10, 2005.jpg
2006.02.02 11:19 B C:\web sites\bcfdmo\images\news\hurricane 3.jpg <-- www.bcfdmo.com /images/news hurricane 3.jpg
2006.02.02 11:19 B C:\web sites\bcfdmo\images\news\hurricane charley.jpg <-- www.bcfdmo.com /images/news hurricane charley.jpg
2006.02.02 11:19 B C:\web sites\bcfdmo\images\news\Hurricane Dennis.jpg <-- www.bcfdmo.com /images/news Hurricane Dennis.jpg
2006.02.02 11:19 B C:\web sites\bcfdmo\images\news\hurricane ivan pix.jfull.jpg <-- www.bcfdmo.com /images/news hurricane ivan pix.jfull.jpg
2006.02.02 11:19 B C:\web sites\bcfdmo\images\news\hurricane ivan pix.thumb.jpg <-- www.bcfdmo.com /images/news hurricane ivan pix.thumb.jpg
2006.02.02 11:19 B C:\web sites\bcfdmo\images\news\Hurricane Katrina The Sequel 9_18_05 015.jpg <-- www.bcfdmo.com /images/news Hurricane Katrina The Sequel 9_18_05 015.jpg
2006.02.02 11:19 B C:\web sites\bcfdmo\images\news\Hurricane Katrina The Sequel 9_18_05 052.jpg <-- www.bcfdmo.com /images/news Hurricane Katrina The Sequel 9_18_05 052.jpg
2006.02.02 11:19 B C:\web sites\bcfdmo\images\news\hurricane thumb 2.jpg <-- www.bcfdmo.com /images/news hurricane thumb 2.jpg
2006.02.02 11:19 B C:\web sites\bcfdmo\images\news\Hwy 124 E and Sportsman Dr.jpg <-- www.bcfdmo.com /images/news Hwy 124 E and Sportsman Dr.jpg
2006.02.02 11:20 B C:\web sites\bcfdmo\images\news\Hwy 63 and Old Millers Rd.2.jpg <-- www.bcfdmo.com /images/news Hwy 63 and Old Millers Rd.2.jpg
2006.02.02 11:20 B C:\web sites\bcfdmo\images\news\Hwy 63 and Old Millers Rd.jpg <-- www.bcfdmo.com /images/news Hwy 63 and Old Millers Rd.jpg
2006.02.02 11:20 B C:\web sites\bcfdmo\images\news\Hwy 63 and Old Millers Road.jpg <-- www.bcfdmo.com /images/news Hwy 63 and Old Millers Road.jpg
2006.02.02 11:20 B C:\web sites\bcfdmo\images\news\Hwy 63 NB at 763 Dec 28 2004.jpg <-- www.bcfdmo.com /images/news Hwy 63 NB at 763 Dec 28 2004.jpg
2006.02.02 11:20 B C:\web sites\bcfdmo\images\news\Hwy 63.jpg <-- www.bcfdmo.com /images/news Hwy 63.jpg
2006.02.02 11:20 B C:\web sites\bcfdmo\images\news\Hwy VV and Mauller Rd.jpg <-- www.bcfdmo.com /images/news Hwy VV and Mauller Rd.jpg
2006.02.02 11:20 B C:\web sites\bcfdmo\images\news\Hwy WW and Cedar Grove Fatality Accident.jpg <-- www.bcfdmo.com /images/news Hwy WW and Cedar Grove Fatality Accident.jpg
2006.02.02 11:20 B C:\web sites\bcfdmo\images\news\hwy40 and 240 .jpg <-- www.bcfdmo.com /images/news hwy40 and 240 .jpg
2006.02.02 11:20 B C:\web sites\bcfdmo\images\news\I-70 car rescue 134.full.jpg <-- www.bcfdmo.com /images/news I-70 car rescue 134.full.jpg
2006.02.02 11:20 B C:\web sites\bcfdmo\images\news\I70 MM 119.jpg <-- www.bcfdmo.com /images/news I70 MM 119.jpg
2006.02.02 11:20 B C:\web sites\bcfdmo\images\news\I70 vehicle rescue thumb.jpg <-- www.bcfdmo.com /images/news I70 vehicle rescue thumb.jpg
2006.02.02 11:20 B C:\web sites\bcfdmo\images\news\ice regular.jpg <-- www.bcfdmo.com /images/news ice regular.jpg
2006.02.02 11:20 B C:\web sites\bcfdmo\images\news\ice thumb.jpg <-- www.bcfdmo.com /images/news ice thumb.jpg
2006.02.02 11:20 B C:\web sites\bcfdmo\images\news\IMGP1977.gif <-- www.bcfdmo.com /images/news IMGP1977.gif
2006.02.02 11:20 B C:\web sites\bcfdmo\images\news\Interviews.jpg <-- www.bcfdmo.com /images/news Interviews.jpg
2006.02.02 11:20 B C:\web sites\bcfdmo\images\news\Jeff Scott full.jpg <-- www.bcfdmo.com /images/news Jeff Scott full.jpg
2006.02.02 11:20 B C:\web sites\bcfdmo\images\news\Jeff Scott thumb.jpg <-- www.bcfdmo.com /images/news Jeff Scott thumb.jpg
2006.02.02 11:20 B C:\web sites\bcfdmo\images\news\John Metz listens to the morning briefing.jpg <-- www.bcfdmo.com /images/news John Metz listens to the morning briefing.jpg
2006.02.02 11:20 B C:\web sites\bcfdmo\images\news\July 12, 2005 Missouri Task Force 1 Canine Returns Home.jpg <-- www.bcfdmo.com /images/news July 12, 2005 Missouri Task Force 1 Canine Returns Home.jpg
2006.02.02 11:20 B C:\web sites\bcfdmo\images\news\July 12, 2005 Missouri Task Force 1 returns home.jpg <-- www.bcfdmo.com /images/news July 12, 2005 Missouri Task Force 1 returns home.jpg
2006.02.02 11:20 B C:\web sites\bcfdmo\images\news\June 03 WMD0007.jpg <-- www.bcfdmo.com /images/news June 03 WMD0007.jpg
2006.02.02 11:20 B C:\web sites\bcfdmo\images\news\Katrina Bus.jpg <-- www.bcfdmo.com /images/news Katrina Bus.jpg
2006.02.02 11:20 B C:\web sites\bcfdmo\images\news\Katrina II Return.jpg <-- www.bcfdmo.com /images/news Katrina II Return.jpg
2006.02.02 11:20 B C:\web sites\bcfdmo\images\news\Katrina II Team Members.jpg <-- www.bcfdmo.com /images/news Katrina II Team Members.jpg
2006.02.02 11:20 B C:\web sites\bcfdmo\images\news\kidsoutside.house full.jpg <-- www.bcfdmo.com /images/news kidsoutside.house full.jpg
2006.02.02 11:20 B C:\web sites\bcfdmo\images\news\kidsoutside.house thumbjpg.jpg <-- www.bcfdmo.com /images/news kidsoutside.house thumbjpg.jpg
2006.02.02 11:20 B C:\web sites\bcfdmo\images\news\Kirk Hankins 2.jpg <-- www.bcfdmo.com /images/news Kirk Hankins 2.jpg
2006.02.02 11:20 B C:\web sites\bcfdmo\images\news\Kirk Hankins.jpg <-- www.bcfdmo.com /images/news Kirk Hankins.jpg
2006.02.02 11:20 B C:\web sites\bcfdmo\images\news\lg_fire_niic..jpg <-- www.bcfdmo.com /images/news lg_fire_niic..jpg
2006.02.02 11:20 B C:\web sites\bcfdmo\images\news\Lightning from Corbis for Web.jpg <-- www.bcfdmo.com /images/news Lightning from Corbis for Web.jpg
2006.02.02 11:20 B C:\web sites\bcfdmo\images\news\mcguire.phillips1.jpg <-- www.bcfdmo.com /images/news mcguire.phillips1.jpg
2006.02.02 11:20 B C:\web sites\bcfdmo\images\news\mcguire.phillips1thumb.jpg <-- www.bcfdmo.com /images/news mcguire.phillips1thumb.jpg
2006.02.02 11:20 B C:\web sites\bcfdmo\images\news\MCI I70 MM 117.jpg <-- www.bcfdmo.com /images/news MCI I70 MM 117.jpg
2006.02.02 11:20 B C:\web sites\bcfdmo\images\news\Meth lab full.jpg <-- www.bcfdmo.com /images/news Meth lab full.jpg
2006.02.02 11:20 B C:\web sites\bcfdmo\images\news\meth lab thumb.jpg <-- www.bcfdmo.com /images/news meth lab thumb.jpg
2006.02.02 11:20 B C:\web sites\bcfdmo\images\news\metz_interview.jpg <-- www.bcfdmo.com /images/news metz_interview.jpg
2006.02.02 11:20 B C:\web sites\bcfdmo\images\news\mhp_logo70.gif <-- www.bcfdmo.com /images/news mhp_logo70.gif
2006.02.02 11:20 B C:\web sites\bcfdmo\images\news\Missouri 3 en route to their assignment.jpg <-- www.bcfdmo.com /images/news Missouri 3 en route to their assignment.jpg
2006.02.02 11:20 B C:\web sites\bcfdmo\images\news\Missouri 3 en route to their assignment_thumb.jpg <-- www.bcfdmo.com /images/news Missouri 3 en route to their assignment_thumb.jpg
2006.02.02 11:20 B C:\web sites\bcfdmo\images\news\MO Chapter Awards 2005 010.jpg <-- www.bcfdmo.com /images/news MO Chapter Awards 2005 010.jpg
2006.02.02 11:20 B C:\web sites\bcfdmo\images\news\MO TF1 Rescue at Katrina.jpg <-- www.bcfdmo.com /images/news MO TF1 Rescue at Katrina.jpg
2006.02.02 11:20 B C:\web sites\bcfdmo\images\news\monument fires.jpg <-- www.bcfdmo.com /images/news monument fires.jpg
2006.02.02 11:20 B C:\web sites\bcfdmo\images\news\MOTF 1 Packing for Katrina Again.jpg <-- www.bcfdmo.com /images/news MOTF 1 Packing for Katrina Again.jpg
2006.02.02 11:20 B C:\web sites\bcfdmo\images\news\motf1.thumb.jpg <-- www.bcfdmo.com /images/news motf1.thumb.jpg
2006.02.02 11:20 B C:\web sites\bcfdmo\images\news\motf1full.jpg <-- www.bcfdmo.com /images/news motf1full.jpg
2006.02.02 11:20 B C:\web sites\bcfdmo\images\news\Natural Cover Fire 2-18-02 for Web.jpg <-- www.bcfdmo.com /images/news Natural Cover Fire 2-18-02 for Web.jpg
2006.02.02 11:20 B C:\web sites\bcfdmo\images\news\New Orleans.jpg <-- www.bcfdmo.com /images/news New Orleans.jpg
2006.02.02 11:20 B C:\web sites\bcfdmo\images\news\Nov 2005 Extended_Forecast.jpg <-- www.bcfdmo.com /images/news Nov 2005 Extended_Forecast.jpg
2006.02.02 11:20 B C:\web sites\bcfdmo\images\news\Nuttall.thumb.jpg <-- www.bcfdmo.com /images/news Nuttall.thumb.jpg
2006.02.02 11:20 B C:\web sites\bcfdmo\images\news\October 19, 2005 7541 ABC Lane.jpg <-- www.bcfdmo.com /images/news October 19, 2005 7541 ABC Lane.jpg
2006.02.02 11:20 B C:\web sites\bcfdmo\images\news\officer promotions thumb.jpg <-- www.bcfdmo.com /images/news officer promotions thumb.jpg
2006.02.02 11:20 B C:\web sites\bcfdmo\images\news\P1110009.jpg <-- www.bcfdmo.com /images/news P1110009.jpg
2006.02.02 11:20 B C:\web sites\bcfdmo\images\news\P3210026.jpg <-- www.bcfdmo.com /images/news P3210026.jpg
2006.02.02 11:20 B C:\web sites\bcfdmo\images\news\P4010020.jpg <-- www.bcfdmo.com /images/news P4010020.jpg
2006.02.02 11:20 B C:\web sites\bcfdmo\images\news\PC040088.jpg <-- www.bcfdmo.com /images/news PC040088.jpg
2006.02.02 11:20 B C:\web sites\bcfdmo\images\news\PC170026.jpg <-- www.bcfdmo.com /images/news PC170026.jpg
2006.02.02 11:20 B C:\web sites\bcfdmo\images\news\pile.sun.jpg <-- www.bcfdmo.com /images/news pile.sun.jpg
2006.02.02 11:20 B C:\web sites\bcfdmo\images\news\pile.sungallery.jpg <-- www.bcfdmo.com /images/news pile.sungallery.jpg
2006.02.02 11:20 B C:\web sites\bcfdmo\images\news\Plane crash 1 thumb.jpg <-- www.bcfdmo.com /images/news Plane crash 1 thumb.jpg
2006.02.02 11:20 B C:\web sites\bcfdmo\images\news\Post cartoon.jpg <-- www.bcfdmo.com /images/news Post cartoon.jpg
2006.02.02 11:20 B C:\web sites\bcfdmo\images\news\Post thumb2.jpg <-- www.bcfdmo.com /images/news Post thumb2.jpg
2006.02.02 11:21 B C:\web sites\bcfdmo\images\news\President Bush 1.jpg <-- www.bcfdmo.com /images/news President Bush 1.jpg
2006.02.02 11:21 B C:\web sites\bcfdmo\images\news\puppydog.jpg <-- www.bcfdmo.com /images/news puppydog.jpg
2006.02.02 11:21 B C:\web sites\bcfdmo\images\news\Recon Team 1.jpg <-- www.bcfdmo.com /images/news Recon Team 1.jpg
2006.02.02 11:21 B C:\web sites\bcfdmo\images\news\Recon1.wtc9.12.jwebpg.jpg <-- www.bcfdmo.com /images/news Recon1.wtc9.12.jwebpg.jpg
2006.02.02 11:21 B C:\web sites\bcfdmo\images\news\Recruit classroom thumb2.jpg <-- www.bcfdmo.com /images/news Recruit classroom thumb2.jpg
2006.02.02 11:21 B C:\web sites\bcfdmo\images\news\Recruit classroom thumb22.jpg <-- www.bcfdmo.com /images/news Recruit classroom thumb22.jpg
2006.02.02 11:21 B C:\web sites\bcfdmo\images\news\recruit thumb 2003.jpg <-- www.bcfdmo.com /images/news recruit thumb 2003.jpg
2006.02.02 11:21 B C:\web sites\bcfdmo\images\news\recruit.hotshot.jpg <-- www.bcfdmo.com /images/news recruit.hotshot.jpg
2006.02.02 11:21 B C:\web sites\bcfdmo\images\news\recruits taking oath 2webfull.jpg <-- www.bcfdmo.com /images/news recruits taking oath 2webfull.jpg
2006.02.02 11:21 B C:\web sites\bcfdmo\images\news\recruits taking oath 2webthumb.jpg <-- www.bcfdmo.com /images/news recruits taking oath 2webthumb.jpg
2006.02.02 11:21 B C:\web sites\bcfdmo\images\news\robot1.thumb.jpg <-- www.bcfdmo.com /images/news robot1.thumb.jpg
2006.02.02 11:21 B C:\web sites\bcfdmo\images\news\robot2.thumb.jpg <-- www.bcfdmo.com /images/news robot2.thumb.jpg
2006.02.02 11:21 B C:\web sites\bcfdmo\images\news\robot3.thumb.jpg <-- www.bcfdmo.com /images/news robot3.thumb.jpg
2006.02.02 11:21 B C:\web sites\bcfdmo\images\news\Rt K 6.2004 thumb.jpg <-- www.bcfdmo.com /images/news Rt K 6.2004 thumb.jpg
2006.02.02 11:21 B C:\web sites\bcfdmo\images\news\Rt V Creek 2 full.jpg <-- www.bcfdmo.com /images/news Rt V Creek 2 full.jpg
2006.02.02 11:21 B C:\web sites\bcfdmo\images\news\Rt V creek 2.thumb.jpg <-- www.bcfdmo.com /images/news Rt V creek 2.thumb.jpg
2006.02.02 11:21 B C:\web sites\bcfdmo\images\news\Rush-LG.jpg <-- www.bcfdmo.com /images/news Rush-LG.jpg
2006.02.02 11:21 B C:\web sites\bcfdmo\images\news\Rush-SM.jpg <-- www.bcfdmo.com /images/news Rush-SM.jpg
2006.02.02 11:21 B C:\web sites\bcfdmo\images\news\S504 HazMat-Thumb.jpg <-- www.bcfdmo.com /images/news S504 HazMat-Thumb.jpg
2006.02.02 11:21 B C:\web sites\bcfdmo\images\news\S504 HazMat.jpg <-- www.bcfdmo.com /images/news S504 HazMat.jpg
2006.02.02 11:21 B C:\web sites\bcfdmo\images\news\Safe Kids Day.jpg <-- www.bcfdmo.com /images/news Safe Kids Day.jpg
2006.02.02 11:21 B C:\web sites\bcfdmo\images\news\Sam's Club Donation.jpg <-- www.bcfdmo.com /images/news Sam's Club Donation.jpg
2006.02.02 11:21 B C:\web sites\bcfdmo\images\news\Sara Bennett for Web.jpg <-- www.bcfdmo.com /images/news Sara Bennett for Web.jpg
2006.02.02 11:21 B C:\web sites\bcfdmo\images\news\Sept 7 2005 welcome home MOTF 1.jpg <-- www.bcfdmo.com /images/news Sept 7 2005 welcome home MOTF 1.jpg
2006.02.02 11:21 B C:\web sites\bcfdmo\images\news\September 1, 2005 New Orleans.jpg <-- www.bcfdmo.com /images/news September 1, 2005 New Orleans.jpg
2006.02.02 11:21 B C:\web sites\bcfdmo\images\news\Shelter House construction thumb.jpg <-- www.bcfdmo.com /images/news Shelter House construction thumb.jpg
2006.02.02 11:21 B C:\web sites\bcfdmo\images\news\Shirt-LG.jpg <-- www.bcfdmo.com /images/news Shirt-LG.jpg
2006.02.02 11:21 B C:\web sites\bcfdmo\images\news\Shirt-SM.jpg <-- www.bcfdmo.com /images/news Shirt-SM.jpg
2006.02.02 11:21 B C:\web sites\bcfdmo\images\news\Shonda & Chad 3.jpg <-- www.bcfdmo.com /images/news Shonda & Chad 3.jpg
2006.02.02 11:21 B C:\web sites\bcfdmo\images\news\Shonda & Chad.jpg <-- www.bcfdmo.com /images/news Shonda & Chad.jpg
2006.02.02 11:21 B C:\web sites\bcfdmo\images\news\shoring under bridge.jpg <-- www.bcfdmo.com /images/news shoring under bridge.jpg
2006.02.02 11:21 B C:\web sites\bcfdmo\images\news\smoke detectors.jpg <-- www.bcfdmo.com /images/news smoke detectors.jpg
2006.02.02 11:21 B C:\web sites\bcfdmo\images\news\sprague thumb fire.jpg <-- www.bcfdmo.com /images/news sprague thumb fire.jpg
2006.02.02 11:21 B C:\web sites\bcfdmo\images\news\Station 14 mural thumb.jpg <-- www.bcfdmo.com /images/news Station 14 mural thumb.jpg
2006.02.02 11:21 B C:\web sites\bcfdmo\images\news\Station 7 construction.thumb.jpg <-- www.bcfdmo.com /images/news Station 7 construction.thumb.jpg
2006.02.02 11:21 B C:\web sites\bcfdmo\images\news\statue thumb.jpg <-- www.bcfdmo.com /images/news statue thumb.jpg
2006.02.02 11:21 B C:\web sites\bcfdmo\images\news\Statue web.jpg <-- www.bcfdmo.com /images/news Statue web.jpg
2006.02.02 11:21 B C:\web sites\bcfdmo\images\news\steve.bush. web.jpg <-- www.bcfdmo.com /images/news steve.bush. web.jpg
2006.02.02 11:21 B C:\web sites\bcfdmo\images\news\Stone st water rescue 1 thumb.jpg <-- www.bcfdmo.com /images/news Stone st water rescue 1 thumb.jpg
2006.02.02 11:21 B C:\web sites\bcfdmo\images\news\Stone st water rescue web 1.jpg <-- www.bcfdmo.com /images/news Stone st water rescue web 1.jpg
2006.02.02 11:21 B C:\web sites\bcfdmo\images\news\Stone water rescue 2 thumb.jpg <-- www.bcfdmo.com /images/news Stone water rescue 2 thumb.jpg
2006.02.02 11:21 B C:\web sites\bcfdmo\images\news\Stone water rescue 2 web.jpg <-- www.bcfdmo.com /images/news Stone water rescue 2 web.jpg
2006.02.02 11:21 B C:\web sites\bcfdmo\images\news\sts107-small.jpg <-- www.bcfdmo.com /images/news sts107-small.jpg
2006.02.02 11:21 B C:\web sites\bcfdmo\images\news\Sturgeon 3-09-02 for Web.jpg <-- www.bcfdmo.com /images/news Sturgeon 3-09-02 for Web.jpg
2006.02.02 11:21 B C:\web sites\bcfdmo\images\news\Sturgeon Fire 3-09-02 for Web1.jpg <-- www.bcfdmo.com /images/news Sturgeon Fire 3-09-02 for Web1.jpg
2006.02.02 11:21 B C:\web sites\bcfdmo\images\news\tanker shuttle ops full.jpg <-- www.bcfdmo.com /images/news tanker shuttle ops full.jpg
2006.02.02 11:21 B C:\web sites\bcfdmo\images\news\tanker shuttle ops.jpg <-- www.bcfdmo.com /images/news tanker shuttle ops.jpg
2006.02.02 11:21 B C:\web sites\bcfdmo\images\news\Task Force Driving.jpg <-- www.bcfdmo.com /images/news Task Force Driving.jpg
2006.02.02 11:21 B C:\web sites\bcfdmo\images\news\thermometer180x101.jpg <-- www.bcfdmo.com /images/news thermometer180x101.jpg
2006.02.02 11:21 B C:\web sites\bcfdmo\images\news\Threat levelsthumb copy.jpg <-- www.bcfdmo.com /images/news Threat levelsthumb copy.jpg
2006.02.02 11:21 B C:\web sites\bcfdmo\images\news\thumb.USAflag.gif <-- www.bcfdmo.com /images/news thumb.USAflag.gif
2006.02.02 11:21 B C:\web sites\bcfdmo\images\news\Tiger Night of Fun.jpg <-- www.bcfdmo.com /images/news Tiger Night of Fun.jpg
2006.02.02 11:21 B C:\web sites\bcfdmo\images\news\tn_2fl192.jpg <-- www.bcfdmo.com /images/news tn_2fl192.jpg
2006.02.02 11:21 B C:\web sites\bcfdmo\images\news\Toalson flag raising thumb.jpg <-- www.bcfdmo.com /images/news Toalson flag raising thumb.jpg
2006.02.02 11:21 B C:\web sites\bcfdmo\images\news\toalson raising flag full.jpg <-- www.bcfdmo.com /images/news toalson raising flag full.jpg
2006.02.02 11:21 B C:\web sites\bcfdmo\images\news\Todd Rockett1.jpg <-- www.bcfdmo.com /images/news Todd Rockett1.jpg
2006.02.02 11:21 B C:\web sites\bcfdmo\images\news\Tornado for Web from Corbis.jpg <-- www.bcfdmo.com /images/news Tornado for Web from Corbis.jpg
2006.02.02 11:21 B C:\web sites\bcfdmo\images\news\tornado thumb 2.jpg <-- www.bcfdmo.com /images/news tornado thumb 2.jpg
2006.02.02 11:21 B C:\web sites\bcfdmo\images\news\tornado2.jpg <-- www.bcfdmo.com /images/news tornado2.jpg
2006.02.02 11:21 B C:\web sites\bcfdmo\images\news\Training Academy-thumb.jpg <-- www.bcfdmo.com /images/news Training Academy-thumb.jpg
2006.02.02 11:22 B C:\web sites\bcfdmo\images\news\Training Academy.jpg <-- www.bcfdmo.com /images/news Training Academy.jpg
2006.02.02 11:22 B C:\web sites\bcfdmo\images\news\Traivs Smith Leaves for Idaho.jpg <-- www.bcfdmo.com /images/news Traivs Smith Leaves for Idaho.jpg
2006.02.02 11:22 B C:\web sites\bcfdmo\images\news\tree crowning.thumb.jpg <-- www.bcfdmo.com /images/news tree crowning.thumb.jpg
2006.02.02 11:22 B C:\web sites\bcfdmo\images\news\tvid1605005.jpg <-- www.bcfdmo.com /images/news tvid1605005.jpg
2006.02.02 11:22 B C:\web sites\bcfdmo\images\news\TYPE1-LG.jpg <-- www.bcfdmo.com /images/news TYPE1-LG.jpg
2006.02.02 11:22 B C:\web sites\bcfdmo\images\news\TYPE1-SM.jpg <-- www.bcfdmo.com /images/news TYPE1-SM.jpg
2006.02.02 11:22 B C:\web sites\bcfdmo\images\news\usar shoring thumb.jpg <-- www.bcfdmo.com /images/news usar shoring thumb.jpg
2006.02.02 11:22 B C:\web sites\bcfdmo\images\news\Water Rescue Wilcox and Rt E.jpg <-- www.bcfdmo.com /images/news Water Rescue Wilcox and Rt E.jpg
2006.02.02 11:22 B C:\web sites\bcfdmo\images\news\web.day1.jpg <-- www.bcfdmo.com /images/news web.day1.jpg
2006.02.02 11:22 B C:\web sites\bcfdmo\images\news\web.day2.jpg <-- www.bcfdmo.com /images/news web.day2.jpg
2006.02.02 11:22 B C:\web sites\bcfdmo\images\news\web.day3.jpg <-- www.bcfdmo.com /images/news web.day3.jpg
2006.02.02 11:22 B C:\web sites\bcfdmo\images\news\web.overlook.jpg <-- www.bcfdmo.com /images/news web.overlook.jpg
2006.02.02 11:22 B C:\web sites\bcfdmo\images\news\westhoffpile.gallery.jpg <-- www.bcfdmo.com /images/news westhoffpile.gallery.jpg
2006.02.02 11:22 B C:\web sites\bcfdmo\images\news\westhoffpile.web.jpg <-- www.bcfdmo.com /images/news westhoffpile.web.jpg
2006.02.02 11:22 B C:\web sites\bcfdmo\images\news\wildland fire montana 8.2003.jpg <-- www.bcfdmo.com /images/news wildland fire montana 8.2003.jpg
2006.02.02 11:22 B C:\web sites\bcfdmo\images\news\wildland team II 8.2003 thumb.jpg <-- www.bcfdmo.com /images/news wildland team II 8.2003 thumb.jpg
2006.02.02 11:22 B C:\web sites\bcfdmo\images\news\wildlandthumb.jpg <-- www.bcfdmo.com /images/news wildlandthumb.jpg
2006.02.02 11:22 B C:\web sites\bcfdmo\images\news\wilke.thumb.jpg <-- www.bcfdmo.com /images/news wilke.thumb.jpg
2006.02.02 11:22 B C:\web sites\bcfdmo\images\news\willis for web.gif <-- www.bcfdmo.com /images/news willis for web.gif
2006.02.02 11:22 B C:\web sites\bcfdmo\images\news\Winter Weather for Web.jpg <-- www.bcfdmo.com /images/news Winter Weather for Web.jpg
2006.02.02 11:22 B C:\web sites\bcfdmo\images\news\WMD TF training full.jpg <-- www.bcfdmo.com /images/news WMD TF training full.jpg
2006.02.02 11:22 B C:\web sites\bcfdmo\images\news\WMD TF training thumb.jpg <-- www.bcfdmo.com /images/news WMD TF training thumb.jpg
2006.02.02 11:22 B C:\web sites\bcfdmo\images\news\world2.jpg <-- www.bcfdmo.com /images/news world2.jpg
2006.02.02 11:22 B C:\web sites\bcfdmo\images\news\wtc.2.webjpg.jpg <-- www.bcfdmo.com /images/news wtc.2.webjpg.jpg
2006.02.02 11:22 B C:\web sites\bcfdmo\images\news\wx device thumb.jpg <-- www.bcfdmo.com /images/news wx device thumb.jpg
2006.02.02 11:22 B C:\web sites\bcfdmo\images\news\wx device web.jpg <-- www.bcfdmo.com /images/news wx device web.jpg
2006.02.02 11:22 B C:\web sites\bcfdmo\images\news\WxClds06b_06.jpg <-- www.bcfdmo.com /images/news WxClds06b_06.jpg
2006.02.02 11:22 B C:\web sites\bcfdmo\images\news\WxLtng03d_12.1.jpg <-- www.bcfdmo.com /images/news WxLtng03d_12.1.jpg
2006.02.02 11:22 B C:\web sites\bcfdmo\images\news\WxLtng03d_12.jpg <-- www.bcfdmo.com /images/news WxLtng03d_12.jpg
2006.08.06 13:03 B C:\Web Sites\bcfdmo\images\news\0309GR~1.gif <-- bcfdmo /images/news 0309GR~1.gif
2006.08.06 13:03 B C:\Web Sites\bcfdmo\images\news\1800 Prathersville Lot 1.gif <-- bcfdmo /images/news 1800 Prathersville Lot 1.gif
2006.08.06 13:03 B C:\Web Sites\bcfdmo\images\news\2006 1.gif <-- bcfdmo /images/news 2006 1.gif
2006.08.06 13:03 B C:\Web Sites\bcfdmo\images\news\4402 Celebrant Ct.gif <-- bcfdmo /images/news 4402 Celebrant Ct.gif
2006.08.06 13:03 B C:\Web Sites\bcfdmo\images\news\4447 Santa Anna Dr E.gif <-- bcfdmo /images/news 4447 Santa Anna Dr E.gif
2006.08.06 13:03 B C:\Web Sites\bcfdmo\images\news\500 Blk Brown School Rd.gif <-- bcfdmo /images/news 500 Blk Brown School Rd.gif
2006.08.06 13:03 B C:\Web Sites\bcfdmo\images\news\63 and Peabody 1.gif <-- bcfdmo /images/news 63 and Peabody 1.gif
2006.08.06 13:03 B C:\Web Sites\bcfdmo\images\news\6300 Druid Lane.gif <-- bcfdmo /images/news 6300 Druid Lane.gif
2006.08.06 13:03 B C:\Web Sites\bcfdmo\images\news\7000 Buckingham Square.gif <-- bcfdmo /images/news 7000 Buckingham Square.gif
2006.08.06 13:03 B C:\Web Sites\bcfdmo\images\news\7000 Buckingham Square.jpg <-- bcfdmo /images/news 7000 Buckingham Square.jpg
2006.08.06 13:03 B C:\Web Sites\bcfdmo\images\news\7120 Carr Ln.gif <-- bcfdmo /images/news 7120 Carr Ln.gif
2006.08.06 13:03 B C:\Web Sites\bcfdmo\images\news\Boundary Waters Fire.gif <-- bcfdmo /images/news Boundary Waters Fire.gif
2006.08.06 13:03 B C:\Web Sites\bcfdmo\images\news\Carr Lane NCF.gif <-- bcfdmo /images/news Carr Lane NCF.gif
2006.08.06 13:03 B C:\Web Sites\bcfdmo\images\news\EMS Week.gif <-- bcfdmo /images/news EMS Week.gif
2006.08.06 13:03 B C:\Web Sites\bcfdmo\images\news\EXTENDED FORCAST 06.gif <-- bcfdmo /images/news EXTENDED FORCAST 06.gif
2006.08.06 13:03 B C:\Web Sites\bcfdmo\images\news\Griggs.gif <-- bcfdmo /images/news Griggs.gif
2006.08.06 13:03 B C:\Web Sites\bcfdmo\images\news\Hallsville CERT.gif <-- bcfdmo /images/news Hallsville CERT.gif
2006.08.06 13:03 B C:\Web Sites\bcfdmo\images\news\IMGP2172.gif <-- bcfdmo /images/news IMGP2172.gif
2006.08.06 13:03 B C:\Web Sites\bcfdmo\images\news\Lightning Flag Station 8.gif <-- bcfdmo /images/news Lightning Flag Station 8.gif
2006.08.06 13:03 B C:\Web Sites\bcfdmo\images\news\MCQUIT~1.gif <-- bcfdmo /images/news MCQUIT~1.gif
2006.08.06 13:03 B C:\Web Sites\bcfdmo\images\news\Missouri Task Force 1 Returns from Clinton.gif <-- bcfdmo /images/news Missouri Task Force 1 Returns from Clinton.gif
2006.08.06 13:03 B C:\Web Sites\bcfdmo\images\news\MM129 Extrication.gif <-- bcfdmo /images/news MM129 Extrication.gif
2006.08.06 13:03 B C:\Web Sites\bcfdmo\images\news\MOTF1 Departs for Clinton MO.gif <-- bcfdmo /images/news MOTF1 Departs for Clinton MO.gif
2006.08.06 13:03 B C:\Web Sites\bcfdmo\images\news\Roberts and Hartz.gif <-- bcfdmo /images/news Roberts and Hartz.gif
2006.08.06 13:03 B C:\Web Sites\bcfdmo\images\news\Shelly Dometroch.gif <-- bcfdmo /images/news Shelly Dometroch.gif
