2006.02.02 11:25 B C:\web sites\bcfdmo\images\photo_gallery\images\2 stooges.jpg <-- www.bcfdmo.com /images/photo_gallery/images 2 stooges.jpg
2006.02.02 11:25 B C:\web sites\bcfdmo\images\photo_gallery\images\3 stooges 2.jpg <-- www.bcfdmo.com /images/photo_gallery/images 3 stooges 2.jpg
2006.02.02 11:25 B C:\web sites\bcfdmo\images\photo_gallery\images\3 stooges.jpg <-- www.bcfdmo.com /images/photo_gallery/images 3 stooges.jpg
2006.02.02 11:25 B C:\web sites\bcfdmo\images\photo_gallery\images\am brief.web.jpg <-- www.bcfdmo.com /images/photo_gallery/images am brief.web.jpg
2006.02.02 11:25 B C:\web sites\bcfdmo\images\photo_gallery\images\breaking berms.jpg <-- www.bcfdmo.com /images/photo_gallery/images breaking berms.jpg
2006.02.02 11:25 B C:\web sites\bcfdmo\images\photo_gallery\images\brief.jpg <-- www.bcfdmo.com /images/photo_gallery/images brief.jpg
2006.02.02 11:25 B C:\web sites\bcfdmo\images\photo_gallery\images\crews.harris.jpg <-- www.bcfdmo.com /images/photo_gallery/images crews.harris.jpg
2006.02.02 11:25 B C:\web sites\bcfdmo\images\photo_gallery\images\day.09.14.03.gallery.jpg <-- www.bcfdmo.com /images/photo_gallery/images day.09.14.03.gallery.jpg
2006.02.02 11:25 B C:\web sites\bcfdmo\images\photo_gallery\images\day09.14.01gallery.jpg <-- www.bcfdmo.com /images/photo_gallery/images day09.14.01gallery.jpg
2006.02.02 11:25 B C:\web sites\bcfdmo\images\photo_gallery\images\daygallery1.jpg <-- www.bcfdmo.com /images/photo_gallery/images daygallery1.jpg
2006.02.02 11:25 B C:\web sites\bcfdmo\images\photo_gallery\images\daygallery2.jpg <-- www.bcfdmo.com /images/photo_gallery/images daygallery2.jpg
2006.02.02 11:25 B C:\web sites\bcfdmo\images\photo_gallery\images\daygallery3.jpg <-- www.bcfdmo.com /images/photo_gallery/images daygallery3.jpg
2006.02.02 11:25 B C:\web sites\bcfdmo\images\photo_gallery\images\daygallery4.jpg <-- www.bcfdmo.com /images/photo_gallery/images daygallery4.jpg
2006.02.02 11:25 B C:\web sites\bcfdmo\images\photo_gallery\images\daygallery5.jpg <-- www.bcfdmo.com /images/photo_gallery/images daygallery5.jpg
2006.02.02 11:25 B C:\web sites\bcfdmo\images\photo_gallery\images\daygallery6.jpg <-- www.bcfdmo.com /images/photo_gallery/images daygallery6.jpg
2006.02.02 11:26 B C:\web sites\bcfdmo\images\photo_gallery\images\daygallery7.jpg <-- www.bcfdmo.com /images/photo_gallery/images daygallery7.jpg
2006.02.02 11:26 B C:\web sites\bcfdmo\images\photo_gallery\images\daygallery8.jpg <-- www.bcfdmo.com /images/photo_gallery/images daygallery8.jpg
2006.02.02 11:26 B C:\web sites\bcfdmo\images\photo_gallery\images\days.09.14.02gallery.jpg <-- www.bcfdmo.com /images/photo_gallery/images days.09.14.02gallery.jpg
2006.02.02 11:26 B C:\web sites\bcfdmo\images\photo_gallery\images\days.09.14.04gallery.jpg <-- www.bcfdmo.com /images/photo_gallery/images days.09.14.04gallery.jpg
2006.02.02 11:26 B C:\web sites\bcfdmo\images\photo_gallery\images\days09.13.04.jpg <-- www.bcfdmo.com /images/photo_gallery/images days09.13.04.jpg
2006.02.02 11:26 B C:\web sites\bcfdmo\images\photo_gallery\images\devasted.web.jpg <-- www.bcfdmo.com /images/photo_gallery/images devasted.web.jpg
2006.02.02 11:26 B C:\web sites\bcfdmo\images\photo_gallery\images\George Bush 1gallery.jpg <-- www.bcfdmo.com /images/photo_gallery/images George Bush 1gallery.jpg
2006.02.02 11:26 B C:\web sites\bcfdmo\images\photo_gallery\images\George Bush 2.galleryjpg.jpg <-- www.bcfdmo.com /images/photo_gallery/images George Bush 2.galleryjpg.jpg
2006.02.02 11:26 B C:\web sites\bcfdmo\images\photo_gallery\images\hand to hand.jpg <-- www.bcfdmo.com /images/photo_gallery/images hand to hand.jpg
2006.02.02 11:26 B C:\web sites\bcfdmo\images\photo_gallery\images\night shift.jpg <-- www.bcfdmo.com /images/photo_gallery/images night shift.jpg
2006.02.02 11:26 B C:\web sites\bcfdmo\images\photo_gallery\images\NYC Camp ground.jpg <-- www.bcfdmo.com /images/photo_gallery/images NYC Camp ground.jpg
2006.02.02 11:26 B C:\web sites\bcfdmo\images\photo_gallery\images\overlook2.web.jpg <-- www.bcfdmo.com /images/photo_gallery/images overlook2.web.jpg
2006.02.02 11:26 B C:\web sites\bcfdmo\images\photo_gallery\images\overlook3.web.jpg <-- www.bcfdmo.com /images/photo_gallery/images overlook3.web.jpg
2006.02.02 11:26 B C:\web sites\bcfdmo\images\photo_gallery\images\pile.sun.jpg <-- www.bcfdmo.com /images/photo_gallery/images pile.sun.jpg
2006.02.02 11:26 B C:\web sites\bcfdmo\images\photo_gallery\images\Post cartoon.gallery.jpg <-- www.bcfdmo.com /images/photo_gallery/images Post cartoon.gallery.jpg
2006.02.02 11:26 B C:\web sites\bcfdmo\images\photo_gallery\images\scene wide.jpg <-- www.bcfdmo.com /images/photo_gallery/images scene wide.jpg
2006.02.02 11:26 B C:\web sites\bcfdmo\images\photo_gallery\images\Shonda & Chad 3.jpg <-- www.bcfdmo.com /images/photo_gallery/images Shonda & Chad 3.jpg
2006.02.02 11:26 B C:\web sites\bcfdmo\images\photo_gallery\images\site transports.jpg <-- www.bcfdmo.com /images/photo_gallery/images site transports.jpg
2006.02.02 11:26 B C:\web sites\bcfdmo\images\photo_gallery\images\Survival Kids holding shirts.jpg <-- www.bcfdmo.com /images/photo_gallery/images Survival Kids holding shirts.jpg
2006.02.02 11:26 B C:\web sites\bcfdmo\images\photo_gallery\images\thumb.USAflag.gif <-- www.bcfdmo.com /images/photo_gallery/images thumb.USAflag.gif
2006.02.02 11:26 B C:\web sites\bcfdmo\images\photo_gallery\images\Toy enginethumb1.jpg <-- www.bcfdmo.com /images/photo_gallery/images Toy enginethumb1.jpg
2006.02.02 11:26 B C:\web sites\bcfdmo\images\photo_gallery\images\westhoffpile.web.jpg <-- www.bcfdmo.com /images/photo_gallery/images westhoffpile.web.jpg
2006.11.19 17:29 B C:\Web Sites\bcfdmo\images\photo_gallery\images\WS_FTP.LOG --> www.bcfdmo.com /images/photo_gallery/images WS_FTP.LOG
