2006.02.02 11:38 B C:\web sites\bcfdmo\survival_kids\flash\checkpass.asp <-- www.bcfdmo.com /survival_kids/flash checkpass.asp
2006.02.02 11:38 B C:\web sites\bcfdmo\survival_kids\flash\flashScripts.asp <-- www.bcfdmo.com /survival_kids/flash flashScripts.asp
2006.02.02 11:38 B C:\web sites\bcfdmo\survival_kids\flash\lesson0.swf <-- www.bcfdmo.com /survival_kids/flash lesson0.swf
2006.02.02 11:38 B C:\web sites\bcfdmo\survival_kids\flash\lesson1.swf <-- www.bcfdmo.com /survival_kids/flash lesson1.swf
2006.02.02 11:38 B C:\web sites\bcfdmo\survival_kids\flash\lesson10.swf <-- www.bcfdmo.com /survival_kids/flash lesson10.swf
2006.02.02 11:38 B C:\web sites\bcfdmo\survival_kids\flash\lesson11.swf <-- www.bcfdmo.com /survival_kids/flash lesson11.swf
2006.02.02 11:38 B C:\web sites\bcfdmo\survival_kids\flash\lesson1_Q #7-lesson1.swf <-- www.bcfdmo.com /survival_kids/flash lesson1_Q #7-lesson1.swf
2006.02.02 11:38 B C:\web sites\bcfdmo\survival_kids\flash\lesson2.swf <-- www.bcfdmo.com /survival_kids/flash lesson2.swf
2006.02.02 11:38 B C:\web sites\bcfdmo\survival_kids\flash\lesson3.swf <-- www.bcfdmo.com /survival_kids/flash lesson3.swf
2006.02.02 11:38 B C:\web sites\bcfdmo\survival_kids\flash\lesson3_Scene 1.swf <-- www.bcfdmo.com /survival_kids/flash lesson3_Scene 1.swf
2006.02.02 11:38 B C:\web sites\bcfdmo\survival_kids\flash\lesson4.swf <-- www.bcfdmo.com /survival_kids/flash lesson4.swf
2006.02.02 11:38 B C:\web sites\bcfdmo\survival_kids\flash\lesson5.swf <-- www.bcfdmo.com /survival_kids/flash lesson5.swf
2006.02.02 11:38 B C:\web sites\bcfdmo\survival_kids\flash\lesson6.swf <-- www.bcfdmo.com /survival_kids/flash lesson6.swf
2006.02.02 11:38 B C:\web sites\bcfdmo\survival_kids\flash\lesson7.swf <-- www.bcfdmo.com /survival_kids/flash lesson7.swf
2006.02.02 11:38 B C:\web sites\bcfdmo\survival_kids\flash\lesson8.swf <-- www.bcfdmo.com /survival_kids/flash lesson8.swf
2006.02.02 11:38 B C:\web sites\bcfdmo\survival_kids\flash\lesson9.swf <-- www.bcfdmo.com /survival_kids/flash lesson9.swf
2006.02.02 11:38 B C:\web sites\bcfdmo\survival_kids\flash\login.html <-- www.bcfdmo.com /survival_kids/flash login.html
2006.02.02 11:38 B C:\web sites\bcfdmo\survival_kids\flash\login.swf <-- www.bcfdmo.com /survival_kids/flash login.swf
2006.02.02 11:38 B C:\web sites\bcfdmo\survival_kids\flash\login_Backgrounds.swf <-- www.bcfdmo.com /survival_kids/flash login_Backgrounds.swf
2006.02.02 11:38 B C:\web sites\bcfdmo\survival_kids\flash\login_Backgrounds2.swf <-- www.bcfdmo.com /survival_kids/flash login_Backgrounds2.swf
2006.02.02 11:38 B C:\web sites\bcfdmo\survival_kids\flash\login_beth.swf <-- www.bcfdmo.com /survival_kids/flash login_beth.swf
2006.02.02 11:38 B C:\web sites\bcfdmo\survival_kids\flash\login_Lesson Loader.swf <-- www.bcfdmo.com /survival_kids/flash login_Lesson Loader.swf
2006.02.02 11:38 B C:\web sites\bcfdmo\survival_kids\flash\login_Lesson.swf <-- www.bcfdmo.com /survival_kids/flash login_Lesson.swf
2006.02.02 11:38 B C:\web sites\bcfdmo\survival_kids\flash\login_Lesson1.swf <-- www.bcfdmo.com /survival_kids/flash login_Lesson1.swf
2006.02.02 11:38 B C:\web sites\bcfdmo\survival_kids\flash\login_LoginScreens.swf <-- www.bcfdmo.com /survival_kids/flash login_LoginScreens.swf
2006.02.02 11:38 B C:\web sites\bcfdmo\survival_kids\flash\login_Scene 1.swf <-- www.bcfdmo.com /survival_kids/flash login_Scene 1.swf
2006.02.02 11:38 B C:\web sites\bcfdmo\survival_kids\flash\login_Scene 3.swf <-- www.bcfdmo.com /survival_kids/flash login_Scene 3.swf
2006.02.02 11:38 B C:\web sites\bcfdmo\survival_kids\flash\login_Start.swf <-- www.bcfdmo.com /survival_kids/flash login_Start.swf
2006.02.02 11:38 B C:\web sites\bcfdmo\survival_kids\flash\sound.swf <-- www.bcfdmo.com /survival_kids/flash sound.swf
2006.02.02 11:38 B C:\web sites\bcfdmo\survival_kids\flash\summer_babysitting.swf <-- www.bcfdmo.com /survival_kids/flash summer_babysitting.swf
2006.02.02 11:38 B C:\web sites\bcfdmo\survival_kids\flash\summer_vacation.swf <-- www.bcfdmo.com /survival_kids/flash summer_vacation.swf
2006.02.02 11:38 B C:\web sites\bcfdmo\survival_kids\flash\survivalkids.clr <-- www.bcfdmo.com /survival_kids/flash survivalkids.clr
