2006.02.02 11:15 B C:\web sites\bcfdmo\images\front_page\backg.gif <-- www.bcfdmo.com /images/front_page backg.gif
2006.02.02 11:15 B C:\web sites\bcfdmo\images\front_page\BCFPD logo.gif <-- www.bcfdmo.com /images/front_page BCFPD logo.gif
2006.02.02 11:15 B C:\web sites\bcfdmo\images\front_page\BCFPDicon.gif <-- www.bcfdmo.com /images/front_page BCFPDicon.gif
2006.02.02 11:15 B C:\web sites\bcfdmo\images\front_page\BCFPDtext.gif <-- www.bcfdmo.com /images/front_page BCFPDtext.gif
2006.02.02 11:15 B C:\web sites\bcfdmo\images\front_page\ColumbiaFire.gif <-- www.bcfdmo.com /images/front_page ColumbiaFire.gif
2006.02.02 11:15 B C:\web sites\bcfdmo\images\front_page\ColumbiaFire_911.gif <-- www.bcfdmo.com /images/front_page ColumbiaFire_911.gif
2006.02.02 11:15 B C:\web sites\bcfdmo\images\front_page\ColumbiaFire_911.gif.old <-- www.bcfdmo.com /images/front_page ColumbiaFire_911.gif.old
2006.02.02 11:15 B C:\web sites\bcfdmo\images\front_page\ColumbiaFire_911.jpg <-- www.bcfdmo.com /images/front_page ColumbiaFire_911.jpg
2006.02.02 11:15 B C:\web sites\bcfdmo\images\front_page\EmrgPrepIcon.gif <-- www.bcfdmo.com /images/front_page EmrgPrepIcon.gif
2006.02.02 11:15 B C:\web sites\bcfdmo\images\front_page\EmrgPrepOFF.gif <-- www.bcfdmo.com /images/front_page EmrgPrepOFF.gif
2006.02.02 11:15 B C:\web sites\bcfdmo\images\front_page\EmrgPrepON.gif <-- www.bcfdmo.com /images/front_page EmrgPrepON.gif
2006.02.02 11:15 B C:\web sites\bcfdmo\images\front_page\firetop.gif <-- www.bcfdmo.com /images/front_page firetop.gif
2006.02.02 11:15 B C:\web sites\bcfdmo\images\front_page\firetop_911.gif <-- www.bcfdmo.com /images/front_page firetop_911.gif
2006.02.02 11:15 B C:\web sites\bcfdmo\images\front_page\firetop_911.jpg <-- www.bcfdmo.com /images/front_page firetop_911.jpg
2006.02.02 11:15 B C:\web sites\bcfdmo\images\front_page\HOMEaboutOFF.gif <-- www.bcfdmo.com /images/front_page HOMEaboutOFF.gif
2006.02.02 11:15 B C:\web sites\bcfdmo\images\front_page\HOMEaboutOFF_old.gif <-- www.bcfdmo.com /images/front_page HOMEaboutOFF_old.gif
2006.02.02 11:15 B C:\web sites\bcfdmo\images\front_page\HOMEaboutON.gif <-- www.bcfdmo.com /images/front_page HOMEaboutON.gif
2006.02.02 11:15 B C:\web sites\bcfdmo\images\front_page\HOMEaboutON_old.gif <-- www.bcfdmo.com /images/front_page HOMEaboutON_old.gif
2006.02.02 11:15 B C:\web sites\bcfdmo\images\front_page\HOMEjoinOFF.gif <-- www.bcfdmo.com /images/front_page HOMEjoinOFF.gif
2006.02.02 11:15 B C:\web sites\bcfdmo\images\front_page\HOMEjoinON.gif <-- www.bcfdmo.com /images/front_page HOMEjoinON.gif
2006.02.02 11:15 B C:\web sites\bcfdmo\images\front_page\HOMEkidsOFF.gif <-- www.bcfdmo.com /images/front_page HOMEkidsOFF.gif
2006.02.02 11:15 B C:\web sites\bcfdmo\images\front_page\HOMEkidsON.gif <-- www.bcfdmo.com /images/front_page HOMEkidsON.gif
2006.02.02 11:15 B C:\web sites\bcfdmo\images\front_page\HOMEperservOFF.gif <-- www.bcfdmo.com /images/front_page HOMEperservOFF.gif
2006.02.02 11:15 B C:\web sites\bcfdmo\images\front_page\HOMEperservON.gif <-- www.bcfdmo.com /images/front_page HOMEperservON.gif
2006.02.02 11:15 B C:\web sites\bcfdmo\images\front_page\HOMEservicesOFF.gif <-- www.bcfdmo.com /images/front_page HOMEservicesOFF.gif
2006.02.02 11:15 B C:\web sites\bcfdmo\images\front_page\HOMEservicesON.gif <-- www.bcfdmo.com /images/front_page HOMEservicesON.gif
2006.02.02 11:15 B C:\web sites\bcfdmo\images\front_page\HOMEtask1OFF.gif <-- www.bcfdmo.com /images/front_page HOMEtask1OFF.gif
2006.02.02 11:15 B C:\web sites\bcfdmo\images\front_page\HOMEtask1ON.gif <-- www.bcfdmo.com /images/front_page HOMEtask1ON.gif
2006.02.02 11:15 B C:\web sites\bcfdmo\images\front_page\HOMEwildlandOFF.gif <-- www.bcfdmo.com /images/front_page HOMEwildlandOFF.gif
2006.02.02 11:15 B C:\web sites\bcfdmo\images\front_page\HOMEwildlandON.gif <-- www.bcfdmo.com /images/front_page HOMEwildlandON.gif
2006.02.02 11:15 B C:\web sites\bcfdmo\images\front_page\JoinIcon.gif <-- www.bcfdmo.com /images/front_page JoinIcon.gif
2006.02.02 11:15 B C:\web sites\bcfdmo\images\front_page\MediaCamera.gif <-- www.bcfdmo.com /images/front_page MediaCamera.gif
2006.02.02 11:15 B C:\web sites\bcfdmo\images\front_page\MemberAreaLink.gif <-- www.bcfdmo.com /images/front_page MemberAreaLink.gif
2006.02.02 11:15 B C:\web sites\bcfdmo\images\front_page\Persevicon.gif <-- www.bcfdmo.com /images/front_page Persevicon.gif
2006.02.02 11:15 B C:\web sites\bcfdmo\images\front_page\ServicesIcon.gif <-- www.bcfdmo.com /images/front_page ServicesIcon.gif
2006.02.02 11:15 B C:\web sites\bcfdmo\images\front_page\Smokeyicon.gif <-- www.bcfdmo.com /images/front_page Smokeyicon.gif
2006.02.02 11:15 B C:\web sites\bcfdmo\images\front_page\SurvivalKids.gif <-- www.bcfdmo.com /images/front_page SurvivalKids.gif
2006.02.02 11:15 B C:\web sites\bcfdmo\images\front_page\SurvivalKidsIcon.gif <-- www.bcfdmo.com /images/front_page SurvivalKidsIcon.gif
2006.02.02 11:15 B C:\web sites\bcfdmo\images\front_page\TaskForceIcon.gif <-- www.bcfdmo.com /images/front_page TaskForceIcon.gif
2006.02.02 11:15 B C:\web sites\bcfdmo\images\front_page\Thumbs.db <-- www.bcfdmo.com /images/front_page Thumbs.db
