2006.02.02 10:59 B C:\web sites\bcfdmo\edu\vehicle_fires\images\old\1.jpg <-- www.bcfdmo.com /edu/vehicle_fires/images/old 1.jpg
2006.02.02 10:59 B C:\web sites\bcfdmo\edu\vehicle_fires\images\old\intersectiondraw_old.jpg <-- www.bcfdmo.com /edu/vehicle_fires/images/old intersectiondraw_old.jpg
2006.02.02 10:59 B C:\web sites\bcfdmo\edu\vehicle_fires\images\old\VF-Figure04.jpg <-- www.bcfdmo.com /edu/vehicle_fires/images/old VF-Figure04.jpg
2006.02.02 10:59 B C:\web sites\bcfdmo\edu\vehicle_fires\images\old\VF-Figure09.jpg <-- www.bcfdmo.com /edu/vehicle_fires/images/old VF-Figure09.jpg
2006.02.02 10:59 B C:\web sites\bcfdmo\edu\vehicle_fires\images\old\VF-Figure10-16.jpg <-- www.bcfdmo.com /edu/vehicle_fires/images/old VF-Figure10-16.jpg
2006.02.02 10:59 B C:\web sites\bcfdmo\edu\vehicle_fires\images\old\VF-Figure10.jpg <-- www.bcfdmo.com /edu/vehicle_fires/images/old VF-Figure10.jpg
2006.02.02 10:59 B C:\web sites\bcfdmo\edu\vehicle_fires\images\old\VF-Figure11.jpg <-- www.bcfdmo.com /edu/vehicle_fires/images/old VF-Figure11.jpg
2006.02.02 10:59 B C:\web sites\bcfdmo\edu\vehicle_fires\images\old\VF-Figure12.bmp <-- www.bcfdmo.com /edu/vehicle_fires/images/old VF-Figure12.bmp
2006.02.02 10:59 B C:\web sites\bcfdmo\edu\vehicle_fires\images\old\VF-Figure12b.jpg <-- www.bcfdmo.com /edu/vehicle_fires/images/old VF-Figure12b.jpg
2006.02.02 10:59 B C:\web sites\bcfdmo\edu\vehicle_fires\images\old\VF-Figure13.jpg <-- www.bcfdmo.com /edu/vehicle_fires/images/old VF-Figure13.jpg
2006.02.02 10:59 B C:\web sites\bcfdmo\edu\vehicle_fires\images\old\VF-Figure13a.JPG <-- www.bcfdmo.com /edu/vehicle_fires/images/old VF-Figure13a.JPG
2006.02.02 10:59 B C:\web sites\bcfdmo\edu\vehicle_fires\images\old\VF-Figure17.jpg <-- www.bcfdmo.com /edu/vehicle_fires/images/old VF-Figure17.jpg
2006.02.02 10:59 B C:\web sites\bcfdmo\edu\vehicle_fires\images\old\VF-Figure2.jpg <-- www.bcfdmo.com /edu/vehicle_fires/images/old VF-Figure2.jpg
2006.02.02 10:59 B C:\web sites\bcfdmo\edu\vehicle_fires\images\old\VF-Figure2old.jpg <-- www.bcfdmo.com /edu/vehicle_fires/images/old VF-Figure2old.jpg
2006.02.02 10:59 B C:\web sites\bcfdmo\edu\vehicle_fires\images\old\VF-Figure3old.jpg <-- www.bcfdmo.com /edu/vehicle_fires/images/old VF-Figure3old.jpg
2006.02.02 10:59 B C:\web sites\bcfdmo\edu\vehicle_fires\images\old\VF-Figure6.jpg <-- www.bcfdmo.com /edu/vehicle_fires/images/old VF-Figure6.jpg
2006.02.02 10:59 B C:\web sites\bcfdmo\edu\vehicle_fires\images\old\VF-Figure6old.jpg <-- www.bcfdmo.com /edu/vehicle_fires/images/old VF-Figure6old.jpg
2006.02.02 10:59 B C:\web sites\bcfdmo\edu\vehicle_fires\images\old\VF-Figure7.jpg <-- www.bcfdmo.com /edu/vehicle_fires/images/old VF-Figure7.jpg
2006.02.02 10:59 B C:\web sites\bcfdmo\edu\vehicle_fires\images\old\VF-Figure8.jpg <-- www.bcfdmo.com /edu/vehicle_fires/images/old VF-Figure8.jpg
2006.02.02 10:59 B C:\web sites\bcfdmo\edu\vehicle_fires\images\old\VF-Figure9.jpg <-- www.bcfdmo.com /edu/vehicle_fires/images/old VF-Figure9.jpg
2006.02.02 10:59 B C:\web sites\bcfdmo\edu\vehicle_fires\images\old\VF-Figure_old1.jpg <-- www.bcfdmo.com /edu/vehicle_fires/images/old VF-Figure_old1.jpg
2006.02.02 10:59 B C:\web sites\bcfdmo\edu\vehicle_fires\images\old\VF-Figure_old11.jpg <-- www.bcfdmo.com /edu/vehicle_fires/images/old VF-Figure_old11.jpg
2006.02.02 10:59 B C:\web sites\bcfdmo\edu\vehicle_fires\images\old\VF-Figure_old13.jpg <-- www.bcfdmo.com /edu/vehicle_fires/images/old VF-Figure_old13.jpg
2006.02.02 10:59 B C:\web sites\bcfdmo\edu\vehicle_fires\images\old\VF-Figure_old14.jpg <-- www.bcfdmo.com /edu/vehicle_fires/images/old VF-Figure_old14.jpg
2006.02.02 10:59 B C:\web sites\bcfdmo\edu\vehicle_fires\images\old\VF-Figure_old15.jpg <-- www.bcfdmo.com /edu/vehicle_fires/images/old VF-Figure_old15.jpg
2006.02.02 10:59 B C:\web sites\bcfdmo\edu\vehicle_fires\images\old\VF-Figure_old4.jpg <-- www.bcfdmo.com /edu/vehicle_fires/images/old VF-Figure_old4.jpg
2006.02.02 10:59 B C:\web sites\bcfdmo\edu\vehicle_fires\images\old\VF-Figure_old5.jpg <-- www.bcfdmo.com /edu/vehicle_fires/images/old VF-Figure_old5.jpg
2006.02.02 10:59 B C:\web sites\bcfdmo\edu\vehicle_fires\images\old\VF-Figure_old9.jpg <-- www.bcfdmo.com /edu/vehicle_fires/images/old VF-Figure_old9.jpg
