2006.02.02 11:31 B C:\web sites\bcfdmo\include\menus\about.asa <-- www.bcfdmo.com /include/menus about.asa
2006.02.02 11:31 B C:\web sites\bcfdmo\include\menus\Copy (2) of menu.js <-- www.bcfdmo.com /include/menus Copy (2) of menu.js
2006.02.02 11:31 B C:\web sites\bcfdmo\include\menus\Copy of menu.js <-- www.bcfdmo.com /include/menus Copy of menu.js
2006.02.02 11:31 B C:\web sites\bcfdmo\include\menus\edu.asa <-- www.bcfdmo.com /include/menus edu.asa
2006.02.02 11:31 B C:\web sites\bcfdmo\include\menus\edu_copy(1).asa <-- www.bcfdmo.com /include/menus edu_copy(1).asa
2006.02.02 11:31 B C:\web sites\bcfdmo\include\menus\emergency_preparedness.asa <-- www.bcfdmo.com /include/menus emergency_preparedness.asa
2006.02.02 11:31 B C:\web sites\bcfdmo\include\menus\image.js <-- www.bcfdmo.com /include/menus image.js
2006.02.02 11:31 B C:\web sites\bcfdmo\include\menus\join.asa <-- www.bcfdmo.com /include/menus join.asa
2006.02.02 11:31 B C:\web sites\bcfdmo\include\menus\media.asa <-- www.bcfdmo.com /include/menus media.asa
2006.02.02 11:31 B C:\web sites\bcfdmo\include\menus\members.asa <-- www.bcfdmo.com /include/menus members.asa
2006.02.02 11:31 B C:\web sites\bcfdmo\include\menus\menu.js <-- www.bcfdmo.com /include/menus menu.js
2006.02.02 11:31 B C:\web sites\bcfdmo\include\menus\motf1.asa <-- www.bcfdmo.com /include/menus motf1.asa
2006.02.02 11:31 B C:\web sites\bcfdmo\include\menus\perserverence.asa <-- www.bcfdmo.com /include/menus perserverence.asa
2006.02.02 11:31 B C:\web sites\bcfdmo\include\menus\services.asa <-- www.bcfdmo.com /include/menus services.asa
2006.02.02 11:31 B C:\web sites\bcfdmo\include\menus\services2.asa <-- www.bcfdmo.com /include/menus services2.asa
2006.02.02 11:31 B C:\web sites\bcfdmo\include\menus\skimage.js <-- www.bcfdmo.com /include/menus skimage.js
2006.02.02 11:31 B C:\web sites\bcfdmo\include\menus\survival.asa <-- www.bcfdmo.com /include/menus survival.asa
2006.02.02 11:31 B C:\web sites\bcfdmo\include\menus\wildland.asa <-- www.bcfdmo.com /include/menus wildland.asa
2006.07.21 08:12 B C:\Web Sites\bcfdmo\include\menus\about.asa <-- bcfdmo /include/menus about.asa
2006.08.01 21:38 B C:\Web Sites\bcfdmo\include\menus\about.asa --> www.bcfdmo.com /include/menus about.asa
2006.08.02 17:21 B C:\Web Sites\bcfdmo\include\menus\about.asa --> www.bcfdmo.com /include/menus about.asa
2006.08.15 11:35 B C:\Web Sites\bcfdmo\include\menus\about.asa --> www.bcfdmo.com /include/menus about.asa
2006.08.31 20:13 B C:\Web Sites\bcfdmo\include\menus\join.asa --> www.bcfdmo.com /include/menus join.asa
2006.08.31 20:25 B C:\Web Sites\bcfdmo\include\menus\join.asa --> www.bcfdmo.com /include/menus join.asa
2006.09.06 16:44 B C:\Web Sites\bcfdmo\include\menus\join.asa --> www.bcfdmo.com /include/menus join.asa
2006.09.06 16:45 B C:\Web Sites\bcfdmo\include\menus\join.asa --> www.bcfdmo.com /include/menus join.asa
