2006.11.19 17:20 B C:\Web Sites\bcfdmo\images\photo_gallery\images\filmstrip\Equipment1.jpg --> www.bcfdmo.com /images/photo_gallery/images/filmstrip Equipment1.jpg
2006.11.19 17:20 B C:\Web Sites\bcfdmo\images\photo_gallery\images\filmstrip\Equipment2.jpg --> www.bcfdmo.com /images/photo_gallery/images/filmstrip Equipment2.jpg
2006.11.19 17:20 B C:\Web Sites\bcfdmo\images\photo_gallery\images\filmstrip\Equipment3.jpg --> www.bcfdmo.com /images/photo_gallery/images/filmstrip Equipment3.jpg
2006.11.19 17:20 B C:\Web Sites\bcfdmo\images\photo_gallery\images\filmstrip\Equipment4.jpg --> www.bcfdmo.com /images/photo_gallery/images/filmstrip Equipment4.jpg
2006.11.19 17:20 B C:\Web Sites\bcfdmo\images\photo_gallery\images\filmstrip\Filmstrip.jpg --> www.bcfdmo.com /images/photo_gallery/images/filmstrip Filmstrip.jpg
2006.11.19 17:20 B C:\Web Sites\bcfdmo\images\photo_gallery\images\filmstrip\MO-TF1 New York Deployment1.jpg --> www.bcfdmo.com /images/photo_gallery/images/filmstrip MO-TF1 New York Deployment1.jpg
2006.11.19 17:21 B C:\Web Sites\bcfdmo\images\photo_gallery\images\filmstrip\MO-TF1 New York Deployment2.jpg --> www.bcfdmo.com /images/photo_gallery/images/filmstrip MO-TF1 New York Deployment2.jpg
2006.11.19 17:21 B C:\Web Sites\bcfdmo\images\photo_gallery\images\filmstrip\MO-TF1 New York Deployment3.jpg --> www.bcfdmo.com /images/photo_gallery/images/filmstrip MO-TF1 New York Deployment3.jpg
2006.11.19 17:21 B C:\Web Sites\bcfdmo\images\photo_gallery\images\filmstrip\MO-TF1 New York Deployment4.jpg --> www.bcfdmo.com /images/photo_gallery/images/filmstrip MO-TF1 New York Deployment4.jpg
2006.11.19 17:21 B C:\Web Sites\bcfdmo\images\photo_gallery\images\filmstrip\Public Education1.jpg --> www.bcfdmo.com /images/photo_gallery/images/filmstrip Public Education1.jpg
2006.11.19 17:21 B C:\Web Sites\bcfdmo\images\photo_gallery\images\filmstrip\Public Education2.jpg --> www.bcfdmo.com /images/photo_gallery/images/filmstrip Public Education2.jpg
2006.11.19 17:21 B C:\Web Sites\bcfdmo\images\photo_gallery\images\filmstrip\Public Education3.jpg --> www.bcfdmo.com /images/photo_gallery/images/filmstrip Public Education3.jpg
2006.11.19 17:21 B C:\Web Sites\bcfdmo\images\photo_gallery\images\filmstrip\Public Education4.jpg --> www.bcfdmo.com /images/photo_gallery/images/filmstrip Public Education4.jpg
2006.11.19 17:21 B C:\Web Sites\bcfdmo\images\photo_gallery\images\filmstrip\Rescue1.jpg --> www.bcfdmo.com /images/photo_gallery/images/filmstrip Rescue1.jpg
2006.11.19 17:22 B C:\Web Sites\bcfdmo\images\photo_gallery\images\filmstrip\Rescue2.jpg --> www.bcfdmo.com /images/photo_gallery/images/filmstrip Rescue2.jpg
2006.11.19 17:22 B C:\Web Sites\bcfdmo\images\photo_gallery\images\filmstrip\Rescue3.jpg --> www.bcfdmo.com /images/photo_gallery/images/filmstrip Rescue3.jpg
2006.11.19 17:22 B C:\Web Sites\bcfdmo\images\photo_gallery\images\filmstrip\Rescue4.jpg --> www.bcfdmo.com /images/photo_gallery/images/filmstrip Rescue4.jpg
2006.11.19 17:22 B C:\Web Sites\bcfdmo\images\photo_gallery\images\filmstrip\Thumbs.db --> www.bcfdmo.com /images/photo_gallery/images/filmstrip Thumbs.db
2006.11.19 17:22 B C:\Web Sites\bcfdmo\images\photo_gallery\images\filmstrip\wildland1.jpg --> www.bcfdmo.com /images/photo_gallery/images/filmstrip wildland1.jpg
2006.11.19 17:22 B C:\Web Sites\bcfdmo\images\photo_gallery\images\filmstrip\Wildland2.jpg --> www.bcfdmo.com /images/photo_gallery/images/filmstrip Wildland2.jpg
2006.11.19 17:22 B C:\Web Sites\bcfdmo\images\photo_gallery\images\filmstrip\Wildland3.jpg --> www.bcfdmo.com /images/photo_gallery/images/filmstrip Wildland3.jpg
2006.11.19 17:22 B C:\Web Sites\bcfdmo\images\photo_gallery\images\filmstrip\Wildland4.jpg --> www.bcfdmo.com /images/photo_gallery/images/filmstrip Wildland4.jpg
2006.11.19 17:44 B C:\Web Sites\bcfdmo\images\photo_gallery\images\filmstrip\Equipment1.jpg --> www.bcfdmo.com /images/photo_gallery/images/filmstrip Equipment1.jpg
2006.11.19 17:45 B C:\Web Sites\bcfdmo\images\photo_gallery\images\filmstrip\Equipment2.jpg --> www.bcfdmo.com /images/photo_gallery/images/filmstrip Equipment2.jpg
2006.11.19 17:45 B C:\Web Sites\bcfdmo\images\photo_gallery\images\filmstrip\Equipment3.jpg --> www.bcfdmo.com /images/photo_gallery/images/filmstrip Equipment3.jpg
2006.11.19 17:45 B C:\Web Sites\bcfdmo\images\photo_gallery\images\filmstrip\Equipment4.jpg --> www.bcfdmo.com /images/photo_gallery/images/filmstrip Equipment4.jpg
