2006.02.02 11:16 B C:\web sites\bcfdmo\images\members\BCFPDredBOX.gif <-- www.bcfdmo.com /images/members BCFPDredBOX.gif
2006.02.02 11:16 B C:\web sites\bcfdmo\images\members\BCFPDtextMO.gif <-- www.bcfdmo.com /images/members BCFPDtextMO.gif
2006.02.02 11:16 B C:\web sites\bcfdmo\images\members\BottomFireGraphic.gif <-- www.bcfdmo.com /images/members BottomFireGraphic.gif
2006.02.02 11:16 B C:\web sites\bcfdmo\images\members\FireGraphic.gif <-- www.bcfdmo.com /images/members FireGraphic.gif
2006.02.02 11:16 B C:\web sites\bcfdmo\images\members\FireRightSide.gif <-- www.bcfdmo.com /images/members FireRightSide.gif
2006.02.02 11:16 B C:\web sites\bcfdmo\images\members\logo.gif <-- www.bcfdmo.com /images/members logo.gif
2006.02.02 11:16 B C:\web sites\bcfdmo\images\members\MEMBERaboutOFF.gif <-- www.bcfdmo.com /images/members MEMBERaboutOFF.gif
2006.02.02 11:16 B C:\web sites\bcfdmo\images\members\MEMBERaboutON.gif <-- www.bcfdmo.com /images/members MEMBERaboutON.gif
2006.02.02 11:16 B C:\web sites\bcfdmo\images\members\MEMBERemergprepOFF.gif <-- www.bcfdmo.com /images/members MEMBERemergprepOFF.gif
2006.02.02 11:16 B C:\web sites\bcfdmo\images\members\MEMBERemergprepON.gif <-- www.bcfdmo.com /images/members MEMBERemergprepON.gif
2006.02.02 11:16 B C:\web sites\bcfdmo\images\members\MEMBERkidsOFF.gif <-- www.bcfdmo.com /images/members MEMBERkidsOFF.gif
2006.02.02 11:16 B C:\web sites\bcfdmo\images\members\MEMBERkidsON.gif <-- www.bcfdmo.com /images/members MEMBERkidsON.gif
2006.02.02 11:16 B C:\web sites\bcfdmo\images\members\MEMBERnavslice1.gif <-- www.bcfdmo.com /images/members MEMBERnavslice1.gif
2006.02.02 11:16 B C:\web sites\bcfdmo\images\members\MEMBERnavslice2.gif <-- www.bcfdmo.com /images/members MEMBERnavslice2.gif
2006.02.02 11:16 B C:\web sites\bcfdmo\images\members\MEMBERperservOFF.gif <-- www.bcfdmo.com /images/members MEMBERperservOFF.gif
2006.02.02 11:16 B C:\web sites\bcfdmo\images\members\MEMBERperservON.gif <-- www.bcfdmo.com /images/members MEMBERperservON.gif
2006.02.02 11:16 B C:\web sites\bcfdmo\images\members\MEMBERservicesOFF.gif <-- www.bcfdmo.com /images/members MEMBERservicesOFF.gif
2006.02.02 11:16 B C:\web sites\bcfdmo\images\members\MEMBERservicesON.gif <-- www.bcfdmo.com /images/members MEMBERservicesON.gif
2006.02.02 11:16 B C:\web sites\bcfdmo\images\members\MembersMasthead.gif <-- www.bcfdmo.com /images/members MembersMasthead.gif
2006.02.02 11:16 B C:\web sites\bcfdmo\images\members\Membersonlybar.gif <-- www.bcfdmo.com /images/members Membersonlybar.gif
2006.02.02 11:16 B C:\web sites\bcfdmo\images\members\MembersOnlyBox.gif <-- www.bcfdmo.com /images/members MembersOnlyBox.gif
2006.02.02 11:16 B C:\web sites\bcfdmo\images\members\MembersOnlySlice.gif <-- www.bcfdmo.com /images/members MembersOnlySlice.gif
2006.02.02 11:16 B C:\web sites\bcfdmo\images\members\MEMBERtaskOFF.gif <-- www.bcfdmo.com /images/members MEMBERtaskOFF.gif
2006.02.02 11:16 B C:\web sites\bcfdmo\images\members\MEMBERtaskON.gif <-- www.bcfdmo.com /images/members MEMBERtaskON.gif
2006.02.02 11:16 B C:\web sites\bcfdmo\images\members\MEMBERwildlandOFF.gif <-- www.bcfdmo.com /images/members MEMBERwildlandOFF.gif
2006.02.02 11:16 B C:\web sites\bcfdmo\images\members\MEMBERwildlandON.gif <-- www.bcfdmo.com /images/members MEMBERwildlandON.gif
2006.02.02 11:16 B C:\web sites\bcfdmo\images\members\RightFireGraphic.gif <-- www.bcfdmo.com /images/members RightFireGraphic.gif
2006.02.02 11:16 B C:\web sites\bcfdmo\images\members\spacer.gif <-- www.bcfdmo.com /images/members spacer.gif
2006.02.02 11:16 B C:\web sites\bcfdmo\images\members\Thumbs.db <-- www.bcfdmo.com /images/members Thumbs.db
