2006.11.19 17:23 B C:\Web Sites\bcfdmo\images\photo_gallery\images\thumbnail\2 stooges.jpg --> www.bcfdmo.com /images/photo_gallery/images/thumbnail 2 stooges.jpg
2006.11.19 17:23 B C:\Web Sites\bcfdmo\images\photo_gallery\images\thumbnail\3 stooges 2.jpg --> www.bcfdmo.com /images/photo_gallery/images/thumbnail 3 stooges 2.jpg
2006.11.19 17:23 B C:\Web Sites\bcfdmo\images\photo_gallery\images\thumbnail\3 stooges.jpg --> www.bcfdmo.com /images/photo_gallery/images/thumbnail 3 stooges.jpg
2006.11.19 17:24 B C:\Web Sites\bcfdmo\images\photo_gallery\images\thumbnail\am brief.web.jpg --> www.bcfdmo.com /images/photo_gallery/images/thumbnail am brief.web.jpg
2006.11.19 17:24 B C:\Web Sites\bcfdmo\images\photo_gallery\images\thumbnail\breaking berms.jpg --> www.bcfdmo.com /images/photo_gallery/images/thumbnail breaking berms.jpg
2006.11.19 17:24 B C:\Web Sites\bcfdmo\images\photo_gallery\images\thumbnail\brief.jpg --> www.bcfdmo.com /images/photo_gallery/images/thumbnail brief.jpg
2006.11.19 17:24 B C:\Web Sites\bcfdmo\images\photo_gallery\images\thumbnail\Copy of am brief.web.jpg --> www.bcfdmo.com /images/photo_gallery/images/thumbnail Copy of am brief.web.jpg
2006.11.19 17:24 B C:\Web Sites\bcfdmo\images\photo_gallery\images\thumbnail\Copy of devasted.web.jpg --> www.bcfdmo.com /images/photo_gallery/images/thumbnail Copy of devasted.web.jpg
2006.11.19 17:24 B C:\Web Sites\bcfdmo\images\photo_gallery\images\thumbnail\crews.harris.jpg --> www.bcfdmo.com /images/photo_gallery/images/thumbnail crews.harris.jpg
2006.11.19 17:24 B C:\Web Sites\bcfdmo\images\photo_gallery\images\thumbnail\day.09.14.03.gallery.jpg --> www.bcfdmo.com /images/photo_gallery/images/thumbnail day.09.14.03.gallery.jpg
2006.11.19 17:24 B C:\Web Sites\bcfdmo\images\photo_gallery\images\thumbnail\day09.14.01gallery.jpg --> www.bcfdmo.com /images/photo_gallery/images/thumbnail day09.14.01gallery.jpg
2006.11.19 17:24 B C:\Web Sites\bcfdmo\images\photo_gallery\images\thumbnail\daygallery1.jpg --> www.bcfdmo.com /images/photo_gallery/images/thumbnail daygallery1.jpg
2006.11.19 17:24 B C:\Web Sites\bcfdmo\images\photo_gallery\images\thumbnail\daygallery2.jpg --> www.bcfdmo.com /images/photo_gallery/images/thumbnail daygallery2.jpg
2006.11.19 17:25 B C:\Web Sites\bcfdmo\images\photo_gallery\images\thumbnail\daygallery3.jpg --> www.bcfdmo.com /images/photo_gallery/images/thumbnail daygallery3.jpg
2006.11.19 17:25 B C:\Web Sites\bcfdmo\images\photo_gallery\images\thumbnail\daygallery4.jpg --> www.bcfdmo.com /images/photo_gallery/images/thumbnail daygallery4.jpg
2006.11.19 17:25 B C:\Web Sites\bcfdmo\images\photo_gallery\images\thumbnail\daygallery5.jpg --> www.bcfdmo.com /images/photo_gallery/images/thumbnail daygallery5.jpg
2006.11.19 17:25 B C:\Web Sites\bcfdmo\images\photo_gallery\images\thumbnail\daygallery6.jpg --> www.bcfdmo.com /images/photo_gallery/images/thumbnail daygallery6.jpg
2006.11.19 17:25 B C:\Web Sites\bcfdmo\images\photo_gallery\images\thumbnail\daygallery7.jpg --> www.bcfdmo.com /images/photo_gallery/images/thumbnail daygallery7.jpg
2006.11.19 17:25 B C:\Web Sites\bcfdmo\images\photo_gallery\images\thumbnail\daygallery8.jpg --> www.bcfdmo.com /images/photo_gallery/images/thumbnail daygallery8.jpg
2006.11.19 17:25 B C:\Web Sites\bcfdmo\images\photo_gallery\images\thumbnail\days.09.14.02gallery.jpg --> www.bcfdmo.com /images/photo_gallery/images/thumbnail days.09.14.02gallery.jpg
2006.11.19 17:25 B C:\Web Sites\bcfdmo\images\photo_gallery\images\thumbnail\days.09.14.04gallery.jpg --> www.bcfdmo.com /images/photo_gallery/images/thumbnail days.09.14.04gallery.jpg
2006.11.19 17:25 B C:\Web Sites\bcfdmo\images\photo_gallery\images\thumbnail\days09.13.04.jpg --> www.bcfdmo.com /images/photo_gallery/images/thumbnail days09.13.04.jpg
2006.11.19 17:25 B C:\Web Sites\bcfdmo\images\photo_gallery\images\thumbnail\devasted.web.jpg --> www.bcfdmo.com /images/photo_gallery/images/thumbnail devasted.web.jpg
2006.11.19 17:25 B C:\Web Sites\bcfdmo\images\photo_gallery\images\thumbnail\Equipment1.jpg --> www.bcfdmo.com /images/photo_gallery/images/thumbnail Equipment1.jpg
2006.11.19 17:26 B C:\Web Sites\bcfdmo\images\photo_gallery\images\thumbnail\Equipment2.jpg --> www.bcfdmo.com /images/photo_gallery/images/thumbnail Equipment2.jpg
2006.11.19 17:26 B C:\Web Sites\bcfdmo\images\photo_gallery\images\thumbnail\Equipment3.jpg --> www.bcfdmo.com /images/photo_gallery/images/thumbnail Equipment3.jpg
2006.11.19 17:26 B C:\Web Sites\bcfdmo\images\photo_gallery\images\thumbnail\Equipment4.jpg --> www.bcfdmo.com /images/photo_gallery/images/thumbnail Equipment4.jpg
2006.11.19 17:26 B C:\Web Sites\bcfdmo\images\photo_gallery\images\thumbnail\George Bush 1gallery.jpg --> www.bcfdmo.com /images/photo_gallery/images/thumbnail George Bush 1gallery.jpg
2006.11.19 17:26 B C:\Web Sites\bcfdmo\images\photo_gallery\images\thumbnail\George Bush 2.galleryjpg.jpg --> www.bcfdmo.com /images/photo_gallery/images/thumbnail George Bush 2.galleryjpg.jpg
2006.11.19 17:26 B C:\Web Sites\bcfdmo\images\photo_gallery\images\thumbnail\hand to hand.jpg --> www.bcfdmo.com /images/photo_gallery/images/thumbnail hand to hand.jpg
2006.11.19 17:26 B C:\Web Sites\bcfdmo\images\photo_gallery\images\thumbnail\MO-TF1 New York Deployment1.jpg --> www.bcfdmo.com /images/photo_gallery/images/thumbnail MO-TF1 New York Deployment1.jpg
2006.11.19 17:26 B C:\Web Sites\bcfdmo\images\photo_gallery\images\thumbnail\MO-TF1 New York Deployment2.jpg --> www.bcfdmo.com /images/photo_gallery/images/thumbnail MO-TF1 New York Deployment2.jpg
2006.11.19 17:26 B C:\Web Sites\bcfdmo\images\photo_gallery\images\thumbnail\MO-TF1 New York Deployment3.jpg --> www.bcfdmo.com /images/photo_gallery/images/thumbnail MO-TF1 New York Deployment3.jpg
2006.11.19 17:27 B C:\Web Sites\bcfdmo\images\photo_gallery\images\thumbnail\MO-TF1 New York Deployment4.jpg --> www.bcfdmo.com /images/photo_gallery/images/thumbnail MO-TF1 New York Deployment4.jpg
2006.11.19 17:27 B C:\Web Sites\bcfdmo\images\photo_gallery\images\thumbnail\night shift.jpg --> www.bcfdmo.com /images/photo_gallery/images/thumbnail night shift.jpg
2006.11.19 17:27 B C:\Web Sites\bcfdmo\images\photo_gallery\images\thumbnail\NYC Camp ground.jpg --> www.bcfdmo.com /images/photo_gallery/images/thumbnail NYC Camp ground.jpg
2006.11.19 17:27 B C:\Web Sites\bcfdmo\images\photo_gallery\images\thumbnail\overlook2.web.jpg --> www.bcfdmo.com /images/photo_gallery/images/thumbnail overlook2.web.jpg
2006.11.19 17:27 B C:\Web Sites\bcfdmo\images\photo_gallery\images\thumbnail\overlook3.web.jpg --> www.bcfdmo.com /images/photo_gallery/images/thumbnail overlook3.web.jpg
2006.11.19 17:27 B C:\Web Sites\bcfdmo\images\photo_gallery\images\thumbnail\pile.sun.jpg --> www.bcfdmo.com /images/photo_gallery/images/thumbnail pile.sun.jpg
2006.11.19 17:27 B C:\Web Sites\bcfdmo\images\photo_gallery\images\thumbnail\Post cartoon.gallery.jpg --> www.bcfdmo.com /images/photo_gallery/images/thumbnail Post cartoon.gallery.jpg
2006.11.19 17:27 B C:\Web Sites\bcfdmo\images\photo_gallery\images\thumbnail\Public Education1.jpg --> www.bcfdmo.com /images/photo_gallery/images/thumbnail Public Education1.jpg
2006.11.19 17:27 B C:\Web Sites\bcfdmo\images\photo_gallery\images\thumbnail\Public Education2.jpg --> www.bcfdmo.com /images/photo_gallery/images/thumbnail Public Education2.jpg
2006.11.19 17:27 B C:\Web Sites\bcfdmo\images\photo_gallery\images\thumbnail\Public Education3.jpg --> www.bcfdmo.com /images/photo_gallery/images/thumbnail Public Education3.jpg
2006.11.19 17:27 B C:\Web Sites\bcfdmo\images\photo_gallery\images\thumbnail\Public Education4.jpg --> www.bcfdmo.com /images/photo_gallery/images/thumbnail Public Education4.jpg
2006.11.19 17:28 B C:\Web Sites\bcfdmo\images\photo_gallery\images\thumbnail\Rescue1.jpg --> www.bcfdmo.com /images/photo_gallery/images/thumbnail Rescue1.jpg
2006.11.19 17:28 B C:\Web Sites\bcfdmo\images\photo_gallery\images\thumbnail\Rescue2.jpg --> www.bcfdmo.com /images/photo_gallery/images/thumbnail Rescue2.jpg
2006.11.19 17:28 B C:\Web Sites\bcfdmo\images\photo_gallery\images\thumbnail\Rescue3.jpg --> www.bcfdmo.com /images/photo_gallery/images/thumbnail Rescue3.jpg
2006.11.19 17:28 B C:\Web Sites\bcfdmo\images\photo_gallery\images\thumbnail\Rescue4.jpg --> www.bcfdmo.com /images/photo_gallery/images/thumbnail Rescue4.jpg
2006.11.19 17:28 B C:\Web Sites\bcfdmo\images\photo_gallery\images\thumbnail\scene wide.jpg --> www.bcfdmo.com /images/photo_gallery/images/thumbnail scene wide.jpg
2006.11.19 17:28 B C:\Web Sites\bcfdmo\images\photo_gallery\images\thumbnail\Shonda & Chad 3.jpg --> www.bcfdmo.com /images/photo_gallery/images/thumbnail Shonda & Chad 3.jpg
2006.11.19 17:28 B C:\Web Sites\bcfdmo\images\photo_gallery\images\thumbnail\site transports.jpg --> www.bcfdmo.com /images/photo_gallery/images/thumbnail site transports.jpg
2006.11.19 17:28 B C:\Web Sites\bcfdmo\images\photo_gallery\images\thumbnail\Survival Kids holding shirts.jpg --> www.bcfdmo.com /images/photo_gallery/images/thumbnail Survival Kids holding shirts.jpg
2006.11.19 17:29 B C:\Web Sites\bcfdmo\images\photo_gallery\images\thumbnail\svchost-action.jpg --> www.bcfdmo.com /images/photo_gallery/images/thumbnail svchost-action.jpg
2006.11.19 17:29 B C:\Web Sites\bcfdmo\images\photo_gallery\images\thumbnail\thumb.USAflag.gif --> www.bcfdmo.com /images/photo_gallery/images/thumbnail thumb.USAflag.gif
2006.11.19 17:29 B C:\Web Sites\bcfdmo\images\photo_gallery\images\thumbnail\Toy enginethumb1.jpg --> www.bcfdmo.com /images/photo_gallery/images/thumbnail Toy enginethumb1.jpg
2006.11.19 17:29 B C:\Web Sites\bcfdmo\images\photo_gallery\images\thumbnail\westhoffpile.web.jpg --> www.bcfdmo.com /images/photo_gallery/images/thumbnail westhoffpile.web.jpg
2006.11.19 17:29 B C:\Web Sites\bcfdmo\images\photo_gallery\images\thumbnail\wildland1.jpg --> www.bcfdmo.com /images/photo_gallery/images/thumbnail wildland1.jpg
2006.11.19 17:29 B C:\Web Sites\bcfdmo\images\photo_gallery\images\thumbnail\Wildland2.jpg --> www.bcfdmo.com /images/photo_gallery/images/thumbnail Wildland2.jpg
2006.11.19 17:29 B C:\Web Sites\bcfdmo\images\photo_gallery\images\thumbnail\Wildland3.jpg --> www.bcfdmo.com /images/photo_gallery/images/thumbnail Wildland3.jpg
2006.11.19 17:29 B C:\Web Sites\bcfdmo\images\photo_gallery\images\thumbnail\Wildland4.jpg --> www.bcfdmo.com /images/photo_gallery/images/thumbnail Wildland4.jpg
