2006.02.02 11:29 B C:\web sites\bcfdmo\images\survivalkids\f_hydr_l_opt.gif <-- www.bcfdmo.com /images/survivalkids f_hydr_l_opt.gif
2006.02.02 11:29 B C:\web sites\bcfdmo\images\survivalkids\intro.gif <-- www.bcfdmo.com /images/survivalkids intro.gif
2006.02.02 11:29 B C:\web sites\bcfdmo\images\survivalkids\SurvivalKidsPage_01.jpg <-- www.bcfdmo.com /images/survivalkids SurvivalKidsPage_01.jpg
2006.02.02 11:29 B C:\web sites\bcfdmo\images\survivalkids\SurvivalKidsPage_02.jpg <-- www.bcfdmo.com /images/survivalkids SurvivalKidsPage_02.jpg
2006.02.02 11:29 B C:\web sites\bcfdmo\images\survivalkids\SurvivalKidsPage_03.jpg <-- www.bcfdmo.com /images/survivalkids SurvivalKidsPage_03.jpg
2006.02.02 11:29 B C:\web sites\bcfdmo\images\survivalkids\SurvivalKidsPage_03a.jpg <-- www.bcfdmo.com /images/survivalkids SurvivalKidsPage_03a.jpg
2006.02.02 11:29 B C:\web sites\bcfdmo\images\survivalkids\SurvivalKidsPage_04.jpg <-- www.bcfdmo.com /images/survivalkids SurvivalKidsPage_04.jpg
2006.02.02 11:29 B C:\web sites\bcfdmo\images\survivalkids\SurvivalKidsPage_05.jpg <-- www.bcfdmo.com /images/survivalkids SurvivalKidsPage_05.jpg
2006.02.02 11:29 B C:\web sites\bcfdmo\images\survivalkids\SurvivalKidsPage_06.jpg <-- www.bcfdmo.com /images/survivalkids SurvivalKidsPage_06.jpg
2006.02.02 11:29 B C:\web sites\bcfdmo\images\survivalkids\SurvivalKidsPage_07.jpg <-- www.bcfdmo.com /images/survivalkids SurvivalKidsPage_07.jpg
2006.02.02 11:29 B C:\web sites\bcfdmo\images\survivalkids\SurvivalKidsPage_08.jpg <-- www.bcfdmo.com /images/survivalkids SurvivalKidsPage_08.jpg
2006.02.02 11:29 B C:\web sites\bcfdmo\images\survivalkids\SurvivalKidsPage_09.jpg <-- www.bcfdmo.com /images/survivalkids SurvivalKidsPage_09.jpg
2006.02.02 11:29 B C:\web sites\bcfdmo\images\survivalkids\SurvivalKidsPage_10.jpg <-- www.bcfdmo.com /images/survivalkids SurvivalKidsPage_10.jpg
2006.02.02 11:29 B C:\web sites\bcfdmo\images\survivalkids\SurvivalKidsPage_11.jpg <-- www.bcfdmo.com /images/survivalkids SurvivalKidsPage_11.jpg
2006.02.02 11:29 B C:\web sites\bcfdmo\images\survivalkids\SurvivalKidsPage_12.jpg <-- www.bcfdmo.com /images/survivalkids SurvivalKidsPage_12.jpg
2006.02.02 11:29 B C:\web sites\bcfdmo\images\survivalkids\SurvivalKidsPage_13.jpg <-- www.bcfdmo.com /images/survivalkids SurvivalKidsPage_13.jpg
2006.02.02 11:29 B C:\web sites\bcfdmo\images\survivalkids\SurvivalKidsPage_14.jpg <-- www.bcfdmo.com /images/survivalkids SurvivalKidsPage_14.jpg
2006.02.02 11:29 B C:\web sites\bcfdmo\images\survivalkids\SurvivalKidsPage_15.jpg <-- www.bcfdmo.com /images/survivalkids SurvivalKidsPage_15.jpg
2006.02.02 11:29 B C:\web sites\bcfdmo\images\survivalkids\SurvivalKidsPage_16.jpg <-- www.bcfdmo.com /images/survivalkids SurvivalKidsPage_16.jpg
2006.02.02 11:29 B C:\web sites\bcfdmo\images\survivalkids\SurvivalKidsPage_17.jpg <-- www.bcfdmo.com /images/survivalkids SurvivalKidsPage_17.jpg
2006.02.02 11:29 B C:\web sites\bcfdmo\images\survivalkids\SurvivalKidsPage_18.jpg <-- www.bcfdmo.com /images/survivalkids SurvivalKidsPage_18.jpg
2006.02.02 11:29 B C:\web sites\bcfdmo\images\survivalkids\SurvivalKidsPage_19.jpg <-- www.bcfdmo.com /images/survivalkids SurvivalKidsPage_19.jpg
2006.02.02 11:29 B C:\web sites\bcfdmo\images\survivalkids\SurvivalKidsPageon_04.jpg <-- www.bcfdmo.com /images/survivalkids SurvivalKidsPageon_04.jpg
2006.02.02 11:29 B C:\web sites\bcfdmo\images\survivalkids\SurvivalKidsPageon_07.jpg <-- www.bcfdmo.com /images/survivalkids SurvivalKidsPageon_07.jpg
2006.02.02 11:29 B C:\web sites\bcfdmo\images\survivalkids\SurvivalKidsPageon_09.jpg <-- www.bcfdmo.com /images/survivalkids SurvivalKidsPageon_09.jpg
2006.02.02 11:29 B C:\web sites\bcfdmo\images\survivalkids\SurvivalKidsPageon_11.jpg <-- www.bcfdmo.com /images/survivalkids SurvivalKidsPageon_11.jpg
2006.02.02 11:29 B C:\web sites\bcfdmo\images\survivalkids\survkids.gif <-- www.bcfdmo.com /images/survivalkids survkids.gif
2006.02.02 11:29 B C:\web sites\bcfdmo\images\survivalkids\Thumbs.db <-- www.bcfdmo.com /images/survivalkids Thumbs.db
